#
# There is insufficient memory for the Java Runtime Environment to continue.
# Native memory allocation (malloc) failed to allocate 1369936 bytes for Chunk::new
# Possible reasons:
#   The system is out of physical RAM or swap space
#   The process is running with CompressedOops enabled, and the Java Heap may be blocking the growth of the native heap
# Possible solutions:
#   Reduce memory load on the system
#   Increase physical memory or swap space
#   Check if swap backing store is full
#   Decrease Java heap size (-Xmx/-Xms)
#   Decrease number of Java threads
#   Decrease Java thread stack sizes (-Xss)
#   Set larger code cache with -XX:ReservedCodeCacheSize=
#   JVM is running with Unscaled Compressed Oops mode in which the Java heap is
#     placed in the first 4GB address space. The Java Heap base address is the
#     maximum limit for the native heap growth. Please use -XX:HeapBaseMinAddress
#     to set the Java Heap base and to place the Java Heap above 4GB virtual address.
# This output file may be truncated or incomplete.
#
#  Out of Memory Error (c:/BuildAgent/work/5ff2f6c26000d570/src/hotspot/share/memory/arena.cpp:197), pid=22152, tid=22084
#
# JRE version: OpenJDK Runtime Environment (11.0.6+8) (build 11.0.6+8-b520.66)
# Java VM: OpenJDK 64-Bit Server VM (11.0.6+8-b520.66, mixed mode, sharing, tiered, compressed oops, g1 gc, windows-amd64)
# No core dump will be written. Minidumps are not enabled by default on client versions of Windows
#

---------------  S U M M A R Y ------------

Command Line: --add-opens=java.base/java.util=ALL-UNNAMED --add-opens=java.base/java.lang=ALL-UNNAMED --add-opens=java.base/java.lang.invoke=ALL-UNNAMED --add-opens=java.prefs/java.util.prefs=ALL-UNNAMED -XX:MaxMetaspaceSize=256m -XX:+HeapDumpOnOutOfMemoryError -Xmx512m -Dfile.encoding=windows-1251 -Duser.country=RU -Duser.language=ru -Duser.variant org.gradle.launcher.daemon.bootstrap.GradleDaemon 5.2.1

Host: Intel(R) Core(TM) i7-6700T CPU @ 2.80GHz, 8 cores, 15G,  Windows 10 , 64 bit Build 18362 (10.0.18362.959)
Time: Fri Sep  4 18:55:30 2020 RTZ 2 (ceia) elapsed time: 2 seconds (0d 0h 0m 2s)

---------------  T H R E A D  ---------------

Current thread (0x000002cdc6b2d000):  JavaThread "C2 CompilerThread1" daemon [_thread_in_native, id=22084, stack(0x000000d234800000,0x000000d234900000)]


Current CompileTask:
C2:   2247 2058   !   4       java.net.URLClassLoader$1::run (63 bytes)

Stack: [0x000000d234800000,0x000000d234900000]
Native frames: (J=compiled Java code, j=interpreted, Vv=VM code, C=native code)
V  [jvm.dll+0x5ddf9a]
V  [jvm.dll+0x710ae5]
V  [jvm.dll+0x712005]
V  [jvm.dll+0x7126b3]
V  [jvm.dll+0x23e718]
V  [jvm.dll+0xb89bc]
V  [jvm.dll+0xb8ebc]
V  [jvm.dll+0x35007b]
V  [jvm.dll+0x19431c]
V  [jvm.dll+0x1f7d0e]
V  [jvm.dll+0x1f6dd4]
V  [jvm.dll+0x17f8ac]
V  [jvm.dll+0x2051f7]
V  [jvm.dll+0x203a61]
V  [jvm.dll+0x6da9cf]
V  [jvm.dll+0x6d382d]
V  [jvm.dll+0x5dcf36]
C  [ucrtbase.dll+0x20e82]
C  [KERNEL32.DLL+0x17bd4]
C  [ntdll.dll+0x6ce51]


---------------  P R O C E S S  ---------------

Threads class SMR info:
_java_thread_list=0x000002cdc813ed80, length=25, elements={
0x000002cdae7d9800, 0x000002cdc5921000, 0x000002cdc5922000, 0x000002cdc593e000,
0x000002cdc593f000, 0x000002cdc5940000, 0x000002cdc5944000, 0x000002cdc5947000,
0x000002cdc63ac000, 0x000002cdc63ad800, 0x000002cdc6b2d000, 0x000002cdc6bdc000,
0x000002cdc7762800, 0x000002cdc7805800, 0x000002cdc7643800, 0x000002cdc7740000,
0x000002cdc76c9800, 0x000002cdc7527000, 0x000002cdc7521800, 0x000002cdc7cf1000,
0x000002cdc76f8000, 0x000002cdc76f2000, 0x000002cdc76f4800, 0x000002cdc761b000,
0x000002cdc76f8800
}

Java Threads: ( => current thread )
  0x000002cdae7d9800 JavaThread "main" [_thread_blocked, id=27592, stack(0x000000d233700000,0x000000d233800000)]
  0x000002cdc5921000 JavaThread "Reference Handler" daemon [_thread_blocked, id=28124, stack(0x000000d233e00000,0x000000d233f00000)]
  0x000002cdc5922000 JavaThread "Finalizer" daemon [_thread_blocked, id=2748, stack(0x000000d233f00000,0x000000d234000000)]
  0x000002cdc593e000 JavaThread "Signal Dispatcher" daemon [_thread_blocked, id=9432, stack(0x000000d234000000,0x000000d234100000)]
  0x000002cdc593f000 JavaThread "Attach Listener" daemon [_thread_blocked, id=25808, stack(0x000000d234100000,0x000000d234200000)]
  0x000002cdc5940000 JavaThread "C2 CompilerThread0" daemon [_thread_blocked, id=23940, stack(0x000000d234200000,0x000000d234300000)]
  0x000002cdc5944000 JavaThread "C1 CompilerThread0" daemon [_thread_blocked, id=3124, stack(0x000000d234300000,0x000000d234400000)]
  0x000002cdc5947000 JavaThread "Sweeper thread" daemon [_thread_blocked, id=10636, stack(0x000000d234400000,0x000000d234500000)]
  0x000002cdc63ac000 JavaThread "Common-Cleaner" daemon [_thread_blocked, id=12516, stack(0x000000d234500000,0x000000d234600000)]
  0x000002cdc63ad800 JavaThread "Service Thread" daemon [_thread_blocked, id=12728, stack(0x000000d234600000,0x000000d234700000)]
=>0x000002cdc6b2d000 JavaThread "C2 CompilerThread1" daemon [_thread_in_native, id=22084, stack(0x000000d234800000,0x000000d234900000)]
  0x000002cdc6bdc000 JavaThread "Incoming local TCP Connector on port 63134" [_thread_in_native, id=10652, stack(0x000000d234900000,0x000000d234a00000)]
  0x000002cdc7762800 JavaThread "Daemon periodic checks" [_thread_blocked, id=20940, stack(0x000000d234f00000,0x000000d235000000)]
  0x000002cdc7805800 JavaThread "Daemon" [_thread_blocked, id=18076, stack(0x000000d235000000,0x000000d235100000)]
  0x000002cdc7643800 JavaThread "Handler for socket connection from /127.0.0.1:63134 to /127.0.0.1:63135" [_thread_in_native, id=2084, stack(0x000000d235100000,0x000000d235200000)]
  0x000002cdc7740000 JavaThread "Cancel handler" [_thread_blocked, id=12024, stack(0x000000d235200000,0x000000d235300000)]
  0x000002cdc76c9800 JavaThread "Daemon worker" [_thread_in_vm, id=4488, stack(0x000000d235300000,0x000000d235400000)]
  0x000002cdc7527000 JavaThread "Asynchronous log dispatcher for DefaultDaemonConnection: socket connection from /127.0.0.1:63134 to /127.0.0.1:63135" [_thread_blocked, id=8200, stack(0x000000d235400000,0x000000d235500000)]
  0x000002cdc7521800 JavaThread "Stdin handler" [_thread_blocked, id=13388, stack(0x000000d235500000,0x000000d235600000)]
  0x000002cdc7cf1000 JavaThread "Thread-7" [_thread_blocked, id=21112, stack(0x000000d235600000,0x000000d235700000)]
  0x000002cdc76f8000 JavaThread "Cache worker for file hash cache (C:\Users\User\.gradle\caches\5.2.1\fileHashes)" [_thread_blocked, id=23264, stack(0x000000d235700000,0x000000d235800000)]
  0x000002cdc76f2000 JavaThread "File lock request listener" [_thread_in_native, id=15100, stack(0x000000d235800000,0x000000d235900000)]
  0x000002cdc76f4800 JavaThread "Cache worker for journal cache (C:\Users\User\.gradle\caches\journal-1)" [_thread_blocked, id=8924, stack(0x000000d235900000,0x000000d235a00000)]
  0x000002cdc761b000 JavaThread "C2 CompilerThread2" daemon [_thread_in_native, id=22888, stack(0x000000d235a00000,0x000000d235b00000)]
  0x000002cdc76f8800 JavaThread "Cache worker for file hash cache (C:\Users\User\IdeaProjects\Redesing\.gradle\5.2.1\fileHashes)" [_thread_blocked, id=13704, stack(0x000000d235b00000,0x000000d235c00000)]

Other Threads:
  0x000002cdc591e000 VMThread "VM Thread" [stack: 0x000000d233d00000,0x000000d233e00000] [id=19348]
  0x000002cdc63af000 WatcherThread [stack: 0x000000d234700000,0x000000d234800000] [id=28144]
  0x000002cdae7f1800 GCTaskThread "GC Thread#0" [stack: 0x000000d233800000,0x000000d233900000] [id=19372]
  0x000002cdc6f84800 GCTaskThread "GC Thread#1" [stack: 0x000000d234a00000,0x000000d234b00000] [id=26804]
  0x000002cdc6ae7800 GCTaskThread "GC Thread#2" [stack: 0x000000d234b00000,0x000000d234c00000] [id=28688]
  0x000002cdc6ae8000 GCTaskThread "GC Thread#3" [stack: 0x000000d234c00000,0x000000d234d00000] [id=11460]
  0x000002cdc6add000 GCTaskThread "GC Thread#4" [stack: 0x000000d234d00000,0x000000d234e00000] [id=15688]
  0x000002cdc6ade000 GCTaskThread "GC Thread#5" [stack: 0x000000d234e00000,0x000000d234f00000] [id=27900]
  0x000002cdc8a26000 GCTaskThread "GC Thread#6" [stack: 0x000000d235c00000,0x000000d235d00000] [id=10444]
  0x000002cdca187800 GCTaskThread "GC Thread#7" [stack: 0x000000d235d00000,0x000000d235e00000] [id=18352]
  0x000002cdae809800 ConcurrentGCThread "G1 Main Marker" [stack: 0x000000d233900000,0x000000d233a00000] [id=11720]
  0x000002cdae80b000 ConcurrentGCThread "G1 Conc#0" [stack: 0x000000d233a00000,0x000000d233b00000] [id=7064]
  0x000002cdc8899800 ConcurrentGCThread "G1 Conc#1" [stack: 0x000000d235e00000,0x000000d235f00000] [id=29204]
  0x000002cdae8ae000 ConcurrentGCThread "G1 Refine#0" [stack: 0x000000d233b00000,0x000000d233c00000] [id=13644]
  0x000002cdc57e2800 ConcurrentGCThread "G1 Young RemSet Sampling" [stack: 0x000000d233c00000,0x000000d233d00000] [id=17440]

Threads with active compile tasks:
C2 CompilerThread0   2290 2197       4       java.lang.String::compareTo (63 bytes)
C2 CompilerThread1   2290 2058   !   4       java.net.URLClassLoader$1::run (63 bytes)
C2 CompilerThread2   2290 2057       4       java.net.URLClassLoader$1::run (5 bytes)

VM state:not at safepoint (normal execution)

VM Mutex/Monitor currently owned by a thread: None

Heap address: 0x00000000e0000000, size: 512 MB, Compressed Oops mode: 32-bit
Narrow klass base: 0x0000000800000000, Narrow klass shift: 3
Compressed class space size: 260046848 Address: 0x0000000840000000

Heap:
 garbage-first heap   total 262144K, used 18400K [0x00000000e0000000, 0x0000000100000000)
  region size 1024K, 15 young (15360K), 13 survivors (13312K)
 Metaspace       used 20811K, capacity 21374K, committed 21552K, reserved 272384K
  class space    used 2957K, capacity 3139K, committed 3200K, reserved 253952K
Heap Regions: E=young(eden), S=young(survivor), O=old, HS=humongous(starts), HC=humongous(continues), CS=collection set, F=free, A=archive, TAMS=top-at-mark-start (previous, next)
|   0|0x00000000e0000000, 0x00000000e0100000, 0x00000000e0100000|100%|HS|  |TAMS 0x00000000e0100000, 0x00000000e0000000| Complete 
|   1|0x00000000e0100000, 0x00000000e0200000, 0x00000000e0200000|100%|HS|  |TAMS 0x00000000e0200000, 0x00000000e0100000| Complete 
|   2|0x00000000e0200000, 0x00000000e0300000, 0x00000000e0300000|100%|HC|  |TAMS 0x00000000e0300000, 0x00000000e0200000| Complete 
|   3|0x00000000e0300000, 0x00000000e0400000, 0x00000000e0400000|100%| O|  |TAMS 0x00000000e0400000, 0x00000000e0300000| Untracked 
|   4|0x00000000e0400000, 0x00000000e0476800, 0x00000000e0500000| 46%| O|  |TAMS 0x00000000e0476800, 0x00000000e0400000| Untracked 
|   5|0x00000000e0500000, 0x00000000e0500000, 0x00000000e0600000|  0%| F|  |TAMS 0x00000000e0500000, 0x00000000e0500000| Untracked 
|   6|0x00000000e0600000, 0x00000000e0600000, 0x00000000e0700000|  0%| F|  |TAMS 0x00000000e0600000, 0x00000000e0600000| Untracked 
|   7|0x00000000e0700000, 0x00000000e0700000, 0x00000000e0800000|  0%| F|  |TAMS 0x00000000e0700000, 0x00000000e0700000| Untracked 
|   8|0x00000000e0800000, 0x00000000e0800000, 0x00000000e0900000|  0%| F|  |TAMS 0x00000000e0800000, 0x00000000e0800000| Untracked 
|   9|0x00000000e0900000, 0x00000000e0900000, 0x00000000e0a00000|  0%| F|  |TAMS 0x00000000e0900000, 0x00000000e0900000| Untracked 
|  10|0x00000000e0a00000, 0x00000000e0a00000, 0x00000000e0b00000|  0%| F|  |TAMS 0x00000000e0a00000, 0x00000000e0a00000| Untracked 
|  11|0x00000000e0b00000, 0x00000000e0b00000, 0x00000000e0c00000|  0%| F|  |TAMS 0x00000000e0b00000, 0x00000000e0b00000| Untracked 
|  12|0x00000000e0c00000, 0x00000000e0c00000, 0x00000000e0d00000|  0%| F|  |TAMS 0x00000000e0c00000, 0x00000000e0c00000| Untracked 
|  13|0x00000000e0d00000, 0x00000000e0d00000, 0x00000000e0e00000|  0%| F|  |TAMS 0x00000000e0d00000, 0x00000000e0d00000| Untracked 
|  14|0x00000000e0e00000, 0x00000000e0e00000, 0x00000000e0f00000|  0%| F|  |TAMS 0x00000000e0e00000, 0x00000000e0e00000| Untracked 
|  15|0x00000000e0f00000, 0x00000000e0f00000, 0x00000000e1000000|  0%| F|  |TAMS 0x00000000e0f00000, 0x00000000e0f00000| Untracked 
|  16|0x00000000e1000000, 0x00000000e1000000, 0x00000000e1100000|  0%| F|  |TAMS 0x00000000e1000000, 0x00000000e1000000| Untracked 
|  17|0x00000000e1100000, 0x00000000e1100000, 0x00000000e1200000|  0%| F|  |TAMS 0x00000000e1100000, 0x00000000e1100000| Untracked 
|  18|0x00000000e1200000, 0x00000000e1200000, 0x00000000e1300000|  0%| F|  |TAMS 0x00000000e1200000, 0x00000000e1200000| Untracked 
|  19|0x00000000e1300000, 0x00000000e1300000, 0x00000000e1400000|  0%| F|  |TAMS 0x00000000e1300000, 0x00000000e1300000| Untracked 
|  20|0x00000000e1400000, 0x00000000e1400000, 0x00000000e1500000|  0%| F|  |TAMS 0x00000000e1400000, 0x00000000e1400000| Untracked 
|  21|0x00000000e1500000, 0x00000000e1500000, 0x00000000e1600000|  0%| F|  |TAMS 0x00000000e1500000, 0x00000000e1500000| Untracked 
|  22|0x00000000e1600000, 0x00000000e1600000, 0x00000000e1700000|  0%| F|  |TAMS 0x00000000e1600000, 0x00000000e1600000| Untracked 
|  23|0x00000000e1700000, 0x00000000e1700000, 0x00000000e1800000|  0%| F|  |TAMS 0x00000000e1700000, 0x00000000e1700000| Untracked 
|  24|0x00000000e1800000, 0x00000000e1800000, 0x00000000e1900000|  0%| F|  |TAMS 0x00000000e1800000, 0x00000000e1800000| Untracked 
|  25|0x00000000e1900000, 0x00000000e1900000, 0x00000000e1a00000|  0%| F|  |TAMS 0x00000000e1900000, 0x00000000e1900000| Untracked 
|  26|0x00000000e1a00000, 0x00000000e1a00000, 0x00000000e1b00000|  0%| F|  |TAMS 0x00000000e1a00000, 0x00000000e1a00000| Untracked 
|  27|0x00000000e1b00000, 0x00000000e1b00000, 0x00000000e1c00000|  0%| F|  |TAMS 0x00000000e1b00000, 0x00000000e1b00000| Untracked 
|  28|0x00000000e1c00000, 0x00000000e1c00000, 0x00000000e1d00000|  0%| F|  |TAMS 0x00000000e1c00000, 0x00000000e1c00000| Untracked 
|  29|0x00000000e1d00000, 0x00000000e1d00000, 0x00000000e1e00000|  0%| F|  |TAMS 0x00000000e1d00000, 0x00000000e1d00000| Untracked 
|  30|0x00000000e1e00000, 0x00000000e1e00000, 0x00000000e1f00000|  0%| F|  |TAMS 0x00000000e1e00000, 0x00000000e1e00000| Untracked 
|  31|0x00000000e1f00000, 0x00000000e1f00000, 0x00000000e2000000|  0%| F|  |TAMS 0x00000000e1f00000, 0x00000000e1f00000| Untracked 
|  32|0x00000000e2000000, 0x00000000e2000000, 0x00000000e2100000|  0%| F|  |TAMS 0x00000000e2000000, 0x00000000e2000000| Untracked 
|  33|0x00000000e2100000, 0x00000000e2100000, 0x00000000e2200000|  0%| F|  |TAMS 0x00000000e2100000, 0x00000000e2100000| Untracked 
|  34|0x00000000e2200000, 0x00000000e2200000, 0x00000000e2300000|  0%| F|  |TAMS 0x00000000e2200000, 0x00000000e2200000| Untracked 
|  35|0x00000000e2300000, 0x00000000e2300000, 0x00000000e2400000|  0%| F|  |TAMS 0x00000000e2300000, 0x00000000e2300000| Untracked 
|  36|0x00000000e2400000, 0x00000000e2400000, 0x00000000e2500000|  0%| F|  |TAMS 0x00000000e2400000, 0x00000000e2400000| Untracked 
|  37|0x00000000e2500000, 0x00000000e2500000, 0x00000000e2600000|  0%| F|  |TAMS 0x00000000e2500000, 0x00000000e2500000| Untracked 
|  38|0x00000000e2600000, 0x00000000e2600000, 0x00000000e2700000|  0%| F|  |TAMS 0x00000000e2600000, 0x00000000e2600000| Untracked 
|  39|0x00000000e2700000, 0x00000000e2700000, 0x00000000e2800000|  0%| F|  |TAMS 0x00000000e2700000, 0x00000000e2700000| Untracked 
|  40|0x00000000e2800000, 0x00000000e2800000, 0x00000000e2900000|  0%| F|  |TAMS 0x00000000e2800000, 0x00000000e2800000| Untracked 
|  41|0x00000000e2900000, 0x00000000e2900000, 0x00000000e2a00000|  0%| F|  |TAMS 0x00000000e2900000, 0x00000000e2900000| Untracked 
|  42|0x00000000e2a00000, 0x00000000e2a00000, 0x00000000e2b00000|  0%| F|  |TAMS 0x00000000e2a00000, 0x00000000e2a00000| Untracked 
|  43|0x00000000e2b00000, 0x00000000e2b00000, 0x00000000e2c00000|  0%| F|  |TAMS 0x00000000e2b00000, 0x00000000e2b00000| Untracked 
|  44|0x00000000e2c00000, 0x00000000e2c00000, 0x00000000e2d00000|  0%| F|  |TAMS 0x00000000e2c00000, 0x00000000e2c00000| Untracked 
|  45|0x00000000e2d00000, 0x00000000e2d00000, 0x00000000e2e00000|  0%| F|  |TAMS 0x00000000e2d00000, 0x00000000e2d00000| Untracked 
|  46|0x00000000e2e00000, 0x00000000e2e00000, 0x00000000e2f00000|  0%| F|  |TAMS 0x00000000e2e00000, 0x00000000e2e00000| Untracked 
|  47|0x00000000e2f00000, 0x00000000e2f00000, 0x00000000e3000000|  0%| F|  |TAMS 0x00000000e2f00000, 0x00000000e2f00000| Untracked 
|  48|0x00000000e3000000, 0x00000000e3000000, 0x00000000e3100000|  0%| F|  |TAMS 0x00000000e3000000, 0x00000000e3000000| Untracked 
|  49|0x00000000e3100000, 0x00000000e3100000, 0x00000000e3200000|  0%| F|  |TAMS 0x00000000e3100000, 0x00000000e3100000| Untracked 
|  50|0x00000000e3200000, 0x00000000e3200000, 0x00000000e3300000|  0%| F|  |TAMS 0x00000000e3200000, 0x00000000e3200000| Untracked 
|  51|0x00000000e3300000, 0x00000000e3300000, 0x00000000e3400000|  0%| F|  |TAMS 0x00000000e3300000, 0x00000000e3300000| Untracked 
|  52|0x00000000e3400000, 0x00000000e3400000, 0x00000000e3500000|  0%| F|  |TAMS 0x00000000e3400000, 0x00000000e3400000| Untracked 
|  53|0x00000000e3500000, 0x00000000e3500000, 0x00000000e3600000|  0%| F|  |TAMS 0x00000000e3500000, 0x00000000e3500000| Untracked 
|  54|0x00000000e3600000, 0x00000000e3600000, 0x00000000e3700000|  0%| F|  |TAMS 0x00000000e3600000, 0x00000000e3600000| Untracked 
|  55|0x00000000e3700000, 0x00000000e3700000, 0x00000000e3800000|  0%| F|  |TAMS 0x00000000e3700000, 0x00000000e3700000| Untracked 
|  56|0x00000000e3800000, 0x00000000e3800000, 0x00000000e3900000|  0%| F|  |TAMS 0x00000000e3800000, 0x00000000e3800000| Untracked 
|  57|0x00000000e3900000, 0x00000000e3900000, 0x00000000e3a00000|  0%| F|  |TAMS 0x00000000e3900000, 0x00000000e3900000| Untracked 
|  58|0x00000000e3a00000, 0x00000000e3a00000, 0x00000000e3b00000|  0%| F|  |TAMS 0x00000000e3a00000, 0x00000000e3a00000| Untracked 
|  59|0x00000000e3b00000, 0x00000000e3b00000, 0x00000000e3c00000|  0%| F|  |TAMS 0x00000000e3b00000, 0x00000000e3b00000| Untracked 
|  60|0x00000000e3c00000, 0x00000000e3c00000, 0x00000000e3d00000|  0%| F|  |TAMS 0x00000000e3c00000, 0x00000000e3c00000| Untracked 
|  61|0x00000000e3d00000, 0x00000000e3d00000, 0x00000000e3e00000|  0%| F|  |TAMS 0x00000000e3d00000, 0x00000000e3d00000| Untracked 
|  62|0x00000000e3e00000, 0x00000000e3e00000, 0x00000000e3f00000|  0%| F|  |TAMS 0x00000000e3e00000, 0x00000000e3e00000| Untracked 
|  63|0x00000000e3f00000, 0x00000000e3f00000, 0x00000000e4000000|  0%| F|  |TAMS 0x00000000e3f00000, 0x00000000e3f00000| Untracked 
|  64|0x00000000e4000000, 0x00000000e4000000, 0x00000000e4100000|  0%| F|  |TAMS 0x00000000e4000000, 0x00000000e4000000| Untracked 
|  65|0x00000000e4100000, 0x00000000e4100000, 0x00000000e4200000|  0%| F|  |TAMS 0x00000000e4100000, 0x00000000e4100000| Untracked 
|  66|0x00000000e4200000, 0x00000000e4200000, 0x00000000e4300000|  0%| F|  |TAMS 0x00000000e4200000, 0x00000000e4200000| Untracked 
|  67|0x00000000e4300000, 0x00000000e4300000, 0x00000000e4400000|  0%| F|  |TAMS 0x00000000e4300000, 0x00000000e4300000| Untracked 
|  68|0x00000000e4400000, 0x00000000e4400000, 0x00000000e4500000|  0%| F|  |TAMS 0x00000000e4400000, 0x00000000e4400000| Untracked 
|  69|0x00000000e4500000, 0x00000000e4500000, 0x00000000e4600000|  0%| F|  |TAMS 0x00000000e4500000, 0x00000000e4500000| Untracked 
|  70|0x00000000e4600000, 0x00000000e4600000, 0x00000000e4700000|  0%| F|  |TAMS 0x00000000e4600000, 0x00000000e4600000| Untracked 
|  71|0x00000000e4700000, 0x00000000e4700000, 0x00000000e4800000|  0%| F|  |TAMS 0x00000000e4700000, 0x00000000e4700000| Untracked 
|  72|0x00000000e4800000, 0x00000000e4800000, 0x00000000e4900000|  0%| F|  |TAMS 0x00000000e4800000, 0x00000000e4800000| Untracked 
|  73|0x00000000e4900000, 0x00000000e4900000, 0x00000000e4a00000|  0%| F|  |TAMS 0x00000000e4900000, 0x00000000e4900000| Untracked 
|  74|0x00000000e4a00000, 0x00000000e4a00000, 0x00000000e4b00000|  0%| F|  |TAMS 0x00000000e4a00000, 0x00000000e4a00000| Untracked 
|  75|0x00000000e4b00000, 0x00000000e4b00000, 0x00000000e4c00000|  0%| F|  |TAMS 0x00000000e4b00000, 0x00000000e4b00000| Untracked 
|  76|0x00000000e4c00000, 0x00000000e4c00000, 0x00000000e4d00000|  0%| F|  |TAMS 0x00000000e4c00000, 0x00000000e4c00000| Untracked 
|  77|0x00000000e4d00000, 0x00000000e4d00000, 0x00000000e4e00000|  0%| F|  |TAMS 0x00000000e4d00000, 0x00000000e4d00000| Untracked 
|  78|0x00000000e4e00000, 0x00000000e4e00000, 0x00000000e4f00000|  0%| F|  |TAMS 0x00000000e4e00000, 0x00000000e4e00000| Untracked 
|  79|0x00000000e4f00000, 0x00000000e4f00000, 0x00000000e5000000|  0%| F|  |TAMS 0x00000000e4f00000, 0x00000000e4f00000| Untracked 
|  80|0x00000000e5000000, 0x00000000e5000000, 0x00000000e5100000|  0%| F|  |TAMS 0x00000000e5000000, 0x00000000e5000000| Untracked 
|  81|0x00000000e5100000, 0x00000000e5100000, 0x00000000e5200000|  0%| F|  |TAMS 0x00000000e5100000, 0x00000000e5100000| Untracked 
|  82|0x00000000e5200000, 0x00000000e5200000, 0x00000000e5300000|  0%| F|  |TAMS 0x00000000e5200000, 0x00000000e5200000| Untracked 
|  83|0x00000000e5300000, 0x00000000e5300000, 0x00000000e5400000|  0%| F|  |TAMS 0x00000000e5300000, 0x00000000e5300000| Untracked 
|  84|0x00000000e5400000, 0x00000000e5400000, 0x00000000e5500000|  0%| F|  |TAMS 0x00000000e5400000, 0x00000000e5400000| Untracked 
|  85|0x00000000e5500000, 0x00000000e5500000, 0x00000000e5600000|  0%| F|  |TAMS 0x00000000e5500000, 0x00000000e5500000| Untracked 
|  86|0x00000000e5600000, 0x00000000e5600000, 0x00000000e5700000|  0%| F|  |TAMS 0x00000000e5600000, 0x00000000e5600000| Untracked 
|  87|0x00000000e5700000, 0x00000000e5700000, 0x00000000e5800000|  0%| F|  |TAMS 0x00000000e5700000, 0x00000000e5700000| Untracked 
|  88|0x00000000e5800000, 0x00000000e5800000, 0x00000000e5900000|  0%| F|  |TAMS 0x00000000e5800000, 0x00000000e5800000| Untracked 
|  89|0x00000000e5900000, 0x00000000e5900000, 0x00000000e5a00000|  0%| F|  |TAMS 0x00000000e5900000, 0x00000000e5900000| Untracked 
|  90|0x00000000e5a00000, 0x00000000e5a00000, 0x00000000e5b00000|  0%| F|  |TAMS 0x00000000e5a00000, 0x00000000e5a00000| Untracked 
|  91|0x00000000e5b00000, 0x00000000e5b00000, 0x00000000e5c00000|  0%| F|  |TAMS 0x00000000e5b00000, 0x00000000e5b00000| Untracked 
|  92|0x00000000e5c00000, 0x00000000e5c00000, 0x00000000e5d00000|  0%| F|  |TAMS 0x00000000e5c00000, 0x00000000e5c00000| Untracked 
|  93|0x00000000e5d00000, 0x00000000e5d00000, 0x00000000e5e00000|  0%| F|  |TAMS 0x00000000e5d00000, 0x00000000e5d00000| Untracked 
|  94|0x00000000e5e00000, 0x00000000e5e00000, 0x00000000e5f00000|  0%| F|  |TAMS 0x00000000e5e00000, 0x00000000e5e00000| Untracked 
|  95|0x00000000e5f00000, 0x00000000e5f00000, 0x00000000e6000000|  0%| F|  |TAMS 0x00000000e5f00000, 0x00000000e5f00000| Untracked 
|  96|0x00000000e6000000, 0x00000000e6000000, 0x00000000e6100000|  0%| F|  |TAMS 0x00000000e6000000, 0x00000000e6000000| Untracked 
|  97|0x00000000e6100000, 0x00000000e6100000, 0x00000000e6200000|  0%| F|  |TAMS 0x00000000e6100000, 0x00000000e6100000| Untracked 
|  98|0x00000000e6200000, 0x00000000e6200000, 0x00000000e6300000|  0%| F|  |TAMS 0x00000000e6200000, 0x00000000e6200000| Untracked 
|  99|0x00000000e6300000, 0x00000000e6300000, 0x00000000e6400000|  0%| F|  |TAMS 0x00000000e6300000, 0x00000000e6300000| Untracked 
| 100|0x00000000e6400000, 0x00000000e6400000, 0x00000000e6500000|  0%| F|  |TAMS 0x00000000e6400000, 0x00000000e6400000| Untracked 
| 101|0x00000000e6500000, 0x00000000e6500000, 0x00000000e6600000|  0%| F|  |TAMS 0x00000000e6500000, 0x00000000e6500000| Untracked 
| 102|0x00000000e6600000, 0x00000000e6600000, 0x00000000e6700000|  0%| F|  |TAMS 0x00000000e6600000, 0x00000000e6600000| Untracked 
| 103|0x00000000e6700000, 0x00000000e6700000, 0x00000000e6800000|  0%| F|  |TAMS 0x00000000e6700000, 0x00000000e6700000| Untracked 
| 104|0x00000000e6800000, 0x00000000e6800000, 0x00000000e6900000|  0%| F|  |TAMS 0x00000000e6800000, 0x00000000e6800000| Untracked 
| 105|0x00000000e6900000, 0x00000000e6900000, 0x00000000e6a00000|  0%| F|  |TAMS 0x00000000e6900000, 0x00000000e6900000| Untracked 
| 106|0x00000000e6a00000, 0x00000000e6a00000, 0x00000000e6b00000|  0%| F|  |TAMS 0x00000000e6a00000, 0x00000000e6a00000| Untracked 
| 107|0x00000000e6b00000, 0x00000000e6b00000, 0x00000000e6c00000|  0%| F|  |TAMS 0x00000000e6b00000, 0x00000000e6b00000| Untracked 
| 108|0x00000000e6c00000, 0x00000000e6c00000, 0x00000000e6d00000|  0%| F|  |TAMS 0x00000000e6c00000, 0x00000000e6c00000| Untracked 
| 109|0x00000000e6d00000, 0x00000000e6d00000, 0x00000000e6e00000|  0%| F|  |TAMS 0x00000000e6d00000, 0x00000000e6d00000| Untracked 
| 110|0x00000000e6e00000, 0x00000000e6e00000, 0x00000000e6f00000|  0%| F|  |TAMS 0x00000000e6e00000, 0x00000000e6e00000| Untracked 
| 111|0x00000000e6f00000, 0x00000000e6f00000, 0x00000000e7000000|  0%| F|  |TAMS 0x00000000e6f00000, 0x00000000e6f00000| Untracked 
| 112|0x00000000e7000000, 0x00000000e7000000, 0x00000000e7100000|  0%| F|  |TAMS 0x00000000e7000000, 0x00000000e7000000| Untracked 
| 113|0x00000000e7100000, 0x00000000e7100000, 0x00000000e7200000|  0%| F|  |TAMS 0x00000000e7100000, 0x00000000e7100000| Untracked 
| 114|0x00000000e7200000, 0x00000000e7200000, 0x00000000e7300000|  0%| F|  |TAMS 0x00000000e7200000, 0x00000000e7200000| Untracked 
| 115|0x00000000e7300000, 0x00000000e7300000, 0x00000000e7400000|  0%| F|  |TAMS 0x00000000e7300000, 0x00000000e7300000| Untracked 
| 116|0x00000000e7400000, 0x00000000e7400000, 0x00000000e7500000|  0%| F|  |TAMS 0x00000000e7400000, 0x00000000e7400000| Untracked 
| 117|0x00000000e7500000, 0x00000000e7500000, 0x00000000e7600000|  0%| F|  |TAMS 0x00000000e7500000, 0x00000000e7500000| Untracked 
| 118|0x00000000e7600000, 0x00000000e7600000, 0x00000000e7700000|  0%| F|  |TAMS 0x00000000e7600000, 0x00000000e7600000| Untracked 
| 119|0x00000000e7700000, 0x00000000e7700000, 0x00000000e7800000|  0%| F|  |TAMS 0x00000000e7700000, 0x00000000e7700000| Untracked 
| 120|0x00000000e7800000, 0x00000000e7800000, 0x00000000e7900000|  0%| F|  |TAMS 0x00000000e7800000, 0x00000000e7800000| Untracked 
| 121|0x00000000e7900000, 0x00000000e7900000, 0x00000000e7a00000|  0%| F|  |TAMS 0x00000000e7900000, 0x00000000e7900000| Untracked 
| 122|0x00000000e7a00000, 0x00000000e7a00000, 0x00000000e7b00000|  0%| F|  |TAMS 0x00000000e7a00000, 0x00000000e7a00000| Untracked 
| 123|0x00000000e7b00000, 0x00000000e7b00000, 0x00000000e7c00000|  0%| F|  |TAMS 0x00000000e7b00000, 0x00000000e7b00000| Untracked 
| 124|0x00000000e7c00000, 0x00000000e7c00000, 0x00000000e7d00000|  0%| F|  |TAMS 0x00000000e7c00000, 0x00000000e7c00000| Untracked 
| 125|0x00000000e7d00000, 0x00000000e7d00000, 0x00000000e7e00000|  0%| F|  |TAMS 0x00000000e7d00000, 0x00000000e7d00000| Untracked 
| 126|0x00000000e7e00000, 0x00000000e7e00000, 0x00000000e7f00000|  0%| F|  |TAMS 0x00000000e7e00000, 0x00000000e7e00000| Untracked 
| 127|0x00000000e7f00000, 0x00000000e7f00000, 0x00000000e8000000|  0%| F|  |TAMS 0x00000000e7f00000, 0x00000000e7f00000| Untracked 
| 128|0x00000000e8000000, 0x00000000e8000000, 0x00000000e8100000|  0%| F|  |TAMS 0x00000000e8000000, 0x00000000e8000000| Untracked 
| 129|0x00000000e8100000, 0x00000000e81818f0, 0x00000000e8200000| 50%| S|CS|TAMS 0x00000000e8100000, 0x00000000e8100000| Complete 
| 130|0x00000000e8200000, 0x00000000e8300000, 0x00000000e8300000|100%| S|CS|TAMS 0x00000000e8200000, 0x00000000e8200000| Complete 
| 131|0x00000000e8300000, 0x00000000e8400000, 0x00000000e8400000|100%| S|CS|TAMS 0x00000000e8300000, 0x00000000e8300000| Complete 
| 132|0x00000000e8400000, 0x00000000e8500000, 0x00000000e8500000|100%| S|CS|TAMS 0x00000000e8400000, 0x00000000e8400000| Complete 
| 133|0x00000000e8500000, 0x00000000e8600000, 0x00000000e8600000|100%| S|CS|TAMS 0x00000000e8500000, 0x00000000e8500000| Complete 
| 134|0x00000000e8600000, 0x00000000e8700000, 0x00000000e8700000|100%| S|CS|TAMS 0x00000000e8600000, 0x00000000e8600000| Complete 
| 135|0x00000000e8700000, 0x00000000e8800000, 0x00000000e8800000|100%| S|CS|TAMS 0x00000000e8700000, 0x00000000e8700000| Complete 
| 136|0x00000000e8800000, 0x00000000e8900000, 0x00000000e8900000|100%| S|CS|TAMS 0x00000000e8800000, 0x00000000e8800000| Complete 
| 137|0x00000000e8900000, 0x00000000e8a00000, 0x00000000e8a00000|100%| S|CS|TAMS 0x00000000e8900000, 0x00000000e8900000| Complete 
| 138|0x00000000e8a00000, 0x00000000e8b00000, 0x00000000e8b00000|100%| S|CS|TAMS 0x00000000e8a00000, 0x00000000e8a00000| Complete 
| 139|0x00000000e8b00000, 0x00000000e8c00000, 0x00000000e8c00000|100%| S|CS|TAMS 0x00000000e8b00000, 0x00000000e8b00000| Complete 
| 140|0x00000000e8c00000, 0x00000000e8d00000, 0x00000000e8d00000|100%| S|CS|TAMS 0x00000000e8c00000, 0x00000000e8c00000| Complete 
| 141|0x00000000e8d00000, 0x00000000e8e00000, 0x00000000e8e00000|100%| S|CS|TAMS 0x00000000e8d00000, 0x00000000e8d00000| Complete 
| 142|0x00000000e8e00000, 0x00000000e8e00000, 0x00000000e8f00000|  0%| F|  |TAMS 0x00000000e8e00000, 0x00000000e8e00000| Untracked 
| 143|0x00000000e8f00000, 0x00000000e8f00000, 0x00000000e9000000|  0%| F|  |TAMS 0x00000000e8f00000, 0x00000000e8f00000| Untracked 
| 144|0x00000000e9000000, 0x00000000e9000000, 0x00000000e9100000|  0%| F|  |TAMS 0x00000000e9000000, 0x00000000e9000000| Untracked 
| 145|0x00000000e9100000, 0x00000000e9100000, 0x00000000e9200000|  0%| F|  |TAMS 0x00000000e9100000, 0x00000000e9100000| Untracked 
| 146|0x00000000e9200000, 0x00000000e9200000, 0x00000000e9300000|  0%| F|  |TAMS 0x00000000e9200000, 0x00000000e9200000| Untracked 
| 147|0x00000000e9300000, 0x00000000e9300000, 0x00000000e9400000|  0%| F|  |TAMS 0x00000000e9300000, 0x00000000e9300000| Untracked 
| 148|0x00000000e9400000, 0x00000000e9400000, 0x00000000e9500000|  0%| F|  |TAMS 0x00000000e9400000, 0x00000000e9400000| Untracked 
| 149|0x00000000e9500000, 0x00000000e9500000, 0x00000000e9600000|  0%| F|  |TAMS 0x00000000e9500000, 0x00000000e9500000| Untracked 
| 150|0x00000000e9600000, 0x00000000e9600000, 0x00000000e9700000|  0%| F|  |TAMS 0x00000000e9600000, 0x00000000e9600000| Untracked 
| 151|0x00000000e9700000, 0x00000000e9700000, 0x00000000e9800000|  0%| F|  |TAMS 0x00000000e9700000, 0x00000000e9700000| Untracked 
| 152|0x00000000e9800000, 0x00000000e9800000, 0x00000000e9900000|  0%| F|  |TAMS 0x00000000e9800000, 0x00000000e9800000| Untracked 
| 153|0x00000000e9900000, 0x00000000e9900000, 0x00000000e9a00000|  0%| F|  |TAMS 0x00000000e9900000, 0x00000000e9900000| Untracked 
| 154|0x00000000e9a00000, 0x00000000e9a00000, 0x00000000e9b00000|  0%| F|  |TAMS 0x00000000e9a00000, 0x00000000e9a00000| Untracked 
| 155|0x00000000e9b00000, 0x00000000e9b00000, 0x00000000e9c00000|  0%| F|  |TAMS 0x00000000e9b00000, 0x00000000e9b00000| Untracked 
| 156|0x00000000e9c00000, 0x00000000e9c00000, 0x00000000e9d00000|  0%| F|  |TAMS 0x00000000e9c00000, 0x00000000e9c00000| Untracked 
| 157|0x00000000e9d00000, 0x00000000e9d00000, 0x00000000e9e00000|  0%| F|  |TAMS 0x00000000e9d00000, 0x00000000e9d00000| Untracked 
| 158|0x00000000e9e00000, 0x00000000e9e00000, 0x00000000e9f00000|  0%| F|  |TAMS 0x00000000e9e00000, 0x00000000e9e00000| Untracked 
| 159|0x00000000e9f00000, 0x00000000e9f00000, 0x00000000ea000000|  0%| F|  |TAMS 0x00000000e9f00000, 0x00000000e9f00000| Untracked 
| 160|0x00000000ea000000, 0x00000000ea000000, 0x00000000ea100000|  0%| F|  |TAMS 0x00000000ea000000, 0x00000000ea000000| Untracked 
| 161|0x00000000ea100000, 0x00000000ea100000, 0x00000000ea200000|  0%| F|  |TAMS 0x00000000ea100000, 0x00000000ea100000| Untracked 
| 162|0x00000000ea200000, 0x00000000ea200000, 0x00000000ea300000|  0%| F|  |TAMS 0x00000000ea200000, 0x00000000ea200000| Untracked 
| 163|0x00000000ea300000, 0x00000000ea300000, 0x00000000ea400000|  0%| F|  |TAMS 0x00000000ea300000, 0x00000000ea300000| Untracked 
| 164|0x00000000ea400000, 0x00000000ea400000, 0x00000000ea500000|  0%| F|  |TAMS 0x00000000ea400000, 0x00000000ea400000| Untracked 
| 165|0x00000000ea500000, 0x00000000ea500000, 0x00000000ea600000|  0%| F|  |TAMS 0x00000000ea500000, 0x00000000ea500000| Untracked 
| 166|0x00000000ea600000, 0x00000000ea600000, 0x00000000ea700000|  0%| F|  |TAMS 0x00000000ea600000, 0x00000000ea600000| Untracked 
| 167|0x00000000ea700000, 0x00000000ea700000, 0x00000000ea800000|  0%| F|  |TAMS 0x00000000ea700000, 0x00000000ea700000| Untracked 
| 168|0x00000000ea800000, 0x00000000ea800000, 0x00000000ea900000|  0%| F|  |TAMS 0x00000000ea800000, 0x00000000ea800000| Untracked 
| 169|0x00000000ea900000, 0x00000000ea900000, 0x00000000eaa00000|  0%| F|  |TAMS 0x00000000ea900000, 0x00000000ea900000| Untracked 
| 170|0x00000000eaa00000, 0x00000000eaa00000, 0x00000000eab00000|  0%| F|  |TAMS 0x00000000eaa00000, 0x00000000eaa00000| Untracked 
| 171|0x00000000eab00000, 0x00000000eab00000, 0x00000000eac00000|  0%| F|  |TAMS 0x00000000eab00000, 0x00000000eab00000| Untracked 
| 172|0x00000000eac00000, 0x00000000eac00000, 0x00000000ead00000|  0%| F|  |TAMS 0x00000000eac00000, 0x00000000eac00000| Untracked 
| 173|0x00000000ead00000, 0x00000000ead00000, 0x00000000eae00000|  0%| F|  |TAMS 0x00000000ead00000, 0x00000000ead00000| Untracked 
| 174|0x00000000eae00000, 0x00000000eae00000, 0x00000000eaf00000|  0%| F|  |TAMS 0x00000000eae00000, 0x00000000eae00000| Untracked 
| 175|0x00000000eaf00000, 0x00000000eaf00000, 0x00000000eb000000|  0%| F|  |TAMS 0x00000000eaf00000, 0x00000000eaf00000| Untracked 
| 176|0x00000000eb000000, 0x00000000eb000000, 0x00000000eb100000|  0%| F|  |TAMS 0x00000000eb000000, 0x00000000eb000000| Untracked 
| 177|0x00000000eb100000, 0x00000000eb100000, 0x00000000eb200000|  0%| F|  |TAMS 0x00000000eb100000, 0x00000000eb100000| Untracked 
| 178|0x00000000eb200000, 0x00000000eb200000, 0x00000000eb300000|  0%| F|  |TAMS 0x00000000eb200000, 0x00000000eb200000| Untracked 
| 179|0x00000000eb300000, 0x00000000eb300000, 0x00000000eb400000|  0%| F|  |TAMS 0x00000000eb300000, 0x00000000eb300000| Untracked 
| 180|0x00000000eb400000, 0x00000000eb400000, 0x00000000eb500000|  0%| F|  |TAMS 0x00000000eb400000, 0x00000000eb400000| Untracked 
| 181|0x00000000eb500000, 0x00000000eb500000, 0x00000000eb600000|  0%| F|  |TAMS 0x00000000eb500000, 0x00000000eb500000| Untracked 
| 182|0x00000000eb600000, 0x00000000eb600000, 0x00000000eb700000|  0%| F|  |TAMS 0x00000000eb600000, 0x00000000eb600000| Untracked 
| 183|0x00000000eb700000, 0x00000000eb700000, 0x00000000eb800000|  0%| F|  |TAMS 0x00000000eb700000, 0x00000000eb700000| Untracked 
| 184|0x00000000eb800000, 0x00000000eb800000, 0x00000000eb900000|  0%| F|  |TAMS 0x00000000eb800000, 0x00000000eb800000| Untracked 
| 185|0x00000000eb900000, 0x00000000eb900000, 0x00000000eba00000|  0%| F|  |TAMS 0x00000000eb900000, 0x00000000eb900000| Untracked 
| 186|0x00000000eba00000, 0x00000000eba00000, 0x00000000ebb00000|  0%| F|  |TAMS 0x00000000eba00000, 0x00000000eba00000| Untracked 
| 187|0x00000000ebb00000, 0x00000000ebb00000, 0x00000000ebc00000|  0%| F|  |TAMS 0x00000000ebb00000, 0x00000000ebb00000| Untracked 
| 188|0x00000000ebc00000, 0x00000000ebc00000, 0x00000000ebd00000|  0%| F|  |TAMS 0x00000000ebc00000, 0x00000000ebc00000| Untracked 
| 189|0x00000000ebd00000, 0x00000000ebd00000, 0x00000000ebe00000|  0%| F|  |TAMS 0x00000000ebd00000, 0x00000000ebd00000| Untracked 
| 190|0x00000000ebe00000, 0x00000000ebe00000, 0x00000000ebf00000|  0%| F|  |TAMS 0x00000000ebe00000, 0x00000000ebe00000| Untracked 
| 191|0x00000000ebf00000, 0x00000000ebf00000, 0x00000000ec000000|  0%| F|  |TAMS 0x00000000ebf00000, 0x00000000ebf00000| Untracked 
| 192|0x00000000ec000000, 0x00000000ec000000, 0x00000000ec100000|  0%| F|  |TAMS 0x00000000ec000000, 0x00000000ec000000| Untracked 
| 193|0x00000000ec100000, 0x00000000ec100000, 0x00000000ec200000|  0%| F|  |TAMS 0x00000000ec100000, 0x00000000ec100000| Untracked 
| 194|0x00000000ec200000, 0x00000000ec200000, 0x00000000ec300000|  0%| F|  |TAMS 0x00000000ec200000, 0x00000000ec200000| Untracked 
| 195|0x00000000ec300000, 0x00000000ec300000, 0x00000000ec400000|  0%| F|  |TAMS 0x00000000ec300000, 0x00000000ec300000| Untracked 
| 196|0x00000000ec400000, 0x00000000ec400000, 0x00000000ec500000|  0%| F|  |TAMS 0x00000000ec400000, 0x00000000ec400000| Untracked 
| 197|0x00000000ec500000, 0x00000000ec500000, 0x00000000ec600000|  0%| F|  |TAMS 0x00000000ec500000, 0x00000000ec500000| Untracked 
| 198|0x00000000ec600000, 0x00000000ec600000, 0x00000000ec700000|  0%| F|  |TAMS 0x00000000ec600000, 0x00000000ec600000| Untracked 
| 199|0x00000000ec700000, 0x00000000ec700000, 0x00000000ec800000|  0%| F|  |TAMS 0x00000000ec700000, 0x00000000ec700000| Untracked 
| 200|0x00000000ec800000, 0x00000000ec800000, 0x00000000ec900000|  0%| F|  |TAMS 0x00000000ec800000, 0x00000000ec800000| Untracked 
| 201|0x00000000ec900000, 0x00000000ec900000, 0x00000000eca00000|  0%| F|  |TAMS 0x00000000ec900000, 0x00000000ec900000| Untracked 
| 202|0x00000000eca00000, 0x00000000eca00000, 0x00000000ecb00000|  0%| F|  |TAMS 0x00000000eca00000, 0x00000000eca00000| Untracked 
| 203|0x00000000ecb00000, 0x00000000ecb00000, 0x00000000ecc00000|  0%| F|  |TAMS 0x00000000ecb00000, 0x00000000ecb00000| Untracked 
| 204|0x00000000ecc00000, 0x00000000ecc00000, 0x00000000ecd00000|  0%| F|  |TAMS 0x00000000ecc00000, 0x00000000ecc00000| Untracked 
| 205|0x00000000ecd00000, 0x00000000ecd00000, 0x00000000ece00000|  0%| F|  |TAMS 0x00000000ecd00000, 0x00000000ecd00000| Untracked 
| 206|0x00000000ece00000, 0x00000000ece00000, 0x00000000ecf00000|  0%| F|  |TAMS 0x00000000ece00000, 0x00000000ece00000| Untracked 
| 207|0x00000000ecf00000, 0x00000000ecf00000, 0x00000000ed000000|  0%| F|  |TAMS 0x00000000ecf00000, 0x00000000ecf00000| Untracked 
| 208|0x00000000ed000000, 0x00000000ed000000, 0x00000000ed100000|  0%| F|  |TAMS 0x00000000ed000000, 0x00000000ed000000| Untracked 
| 209|0x00000000ed100000, 0x00000000ed100000, 0x00000000ed200000|  0%| F|  |TAMS 0x00000000ed100000, 0x00000000ed100000| Untracked 
| 210|0x00000000ed200000, 0x00000000ed200000, 0x00000000ed300000|  0%| F|  |TAMS 0x00000000ed200000, 0x00000000ed200000| Untracked 
| 211|0x00000000ed300000, 0x00000000ed300000, 0x00000000ed400000|  0%| F|  |TAMS 0x00000000ed300000, 0x00000000ed300000| Untracked 
| 212|0x00000000ed400000, 0x00000000ed400000, 0x00000000ed500000|  0%| F|  |TAMS 0x00000000ed400000, 0x00000000ed400000| Untracked 
| 213|0x00000000ed500000, 0x00000000ed500000, 0x00000000ed600000|  0%| F|  |TAMS 0x00000000ed500000, 0x00000000ed500000| Untracked 
| 214|0x00000000ed600000, 0x00000000ed600000, 0x00000000ed700000|  0%| F|  |TAMS 0x00000000ed600000, 0x00000000ed600000| Untracked 
| 215|0x00000000ed700000, 0x00000000ed700000, 0x00000000ed800000|  0%| F|  |TAMS 0x00000000ed700000, 0x00000000ed700000| Untracked 
| 216|0x00000000ed800000, 0x00000000ed800000, 0x00000000ed900000|  0%| F|  |TAMS 0x00000000ed800000, 0x00000000ed800000| Untracked 
| 217|0x00000000ed900000, 0x00000000ed900000, 0x00000000eda00000|  0%| F|  |TAMS 0x00000000ed900000, 0x00000000ed900000| Untracked 
| 218|0x00000000eda00000, 0x00000000eda00000, 0x00000000edb00000|  0%| F|  |TAMS 0x00000000eda00000, 0x00000000eda00000| Untracked 
| 219|0x00000000edb00000, 0x00000000edb00000, 0x00000000edc00000|  0%| F|  |TAMS 0x00000000edb00000, 0x00000000edb00000| Untracked 
| 220|0x00000000edc00000, 0x00000000edc00000, 0x00000000edd00000|  0%| F|  |TAMS 0x00000000edc00000, 0x00000000edc00000| Untracked 
| 221|0x00000000edd00000, 0x00000000edd00000, 0x00000000ede00000|  0%| F|  |TAMS 0x00000000edd00000, 0x00000000edd00000| Untracked 
| 222|0x00000000ede00000, 0x00000000ede00000, 0x00000000edf00000|  0%| F|  |TAMS 0x00000000ede00000, 0x00000000ede00000| Untracked 
| 223|0x00000000edf00000, 0x00000000edf00000, 0x00000000ee000000|  0%| F|  |TAMS 0x00000000edf00000, 0x00000000edf00000| Untracked 
| 224|0x00000000ee000000, 0x00000000ee000000, 0x00000000ee100000|  0%| F|  |TAMS 0x00000000ee000000, 0x00000000ee000000| Untracked 
| 225|0x00000000ee100000, 0x00000000ee100000, 0x00000000ee200000|  0%| F|  |TAMS 0x00000000ee100000, 0x00000000ee100000| Untracked 
| 226|0x00000000ee200000, 0x00000000ee200000, 0x00000000ee300000|  0%| F|  |TAMS 0x00000000ee200000, 0x00000000ee200000| Untracked 
| 227|0x00000000ee300000, 0x00000000ee300000, 0x00000000ee400000|  0%| F|  |TAMS 0x00000000ee300000, 0x00000000ee300000| Untracked 
| 228|0x00000000ee400000, 0x00000000ee400000, 0x00000000ee500000|  0%| F|  |TAMS 0x00000000ee400000, 0x00000000ee400000| Untracked 
| 229|0x00000000ee500000, 0x00000000ee500000, 0x00000000ee600000|  0%| F|  |TAMS 0x00000000ee500000, 0x00000000ee500000| Untracked 
| 230|0x00000000ee600000, 0x00000000ee600000, 0x00000000ee700000|  0%| F|  |TAMS 0x00000000ee600000, 0x00000000ee600000| Untracked 
| 231|0x00000000ee700000, 0x00000000ee700000, 0x00000000ee800000|  0%| F|  |TAMS 0x00000000ee700000, 0x00000000ee700000| Untracked 
| 232|0x00000000ee800000, 0x00000000ee800000, 0x00000000ee900000|  0%| F|  |TAMS 0x00000000ee800000, 0x00000000ee800000| Untracked 
| 233|0x00000000ee900000, 0x00000000ee900000, 0x00000000eea00000|  0%| F|  |TAMS 0x00000000ee900000, 0x00000000ee900000| Untracked 
| 234|0x00000000eea00000, 0x00000000eea00000, 0x00000000eeb00000|  0%| F|  |TAMS 0x00000000eea00000, 0x00000000eea00000| Untracked 
| 235|0x00000000eeb00000, 0x00000000eeb00000, 0x00000000eec00000|  0%| F|  |TAMS 0x00000000eeb00000, 0x00000000eeb00000| Untracked 
| 236|0x00000000eec00000, 0x00000000eec00000, 0x00000000eed00000|  0%| F|  |TAMS 0x00000000eec00000, 0x00000000eec00000| Untracked 
| 237|0x00000000eed00000, 0x00000000eed00000, 0x00000000eee00000|  0%| F|  |TAMS 0x00000000eed00000, 0x00000000eed00000| Untracked 
| 238|0x00000000eee00000, 0x00000000eee00000, 0x00000000eef00000|  0%| F|  |TAMS 0x00000000eee00000, 0x00000000eee00000| Untracked 
| 239|0x00000000eef00000, 0x00000000eef00000, 0x00000000ef000000|  0%| F|  |TAMS 0x00000000eef00000, 0x00000000eef00000| Untracked 
| 240|0x00000000ef000000, 0x00000000ef000000, 0x00000000ef100000|  0%| F|  |TAMS 0x00000000ef000000, 0x00000000ef000000| Untracked 
| 241|0x00000000ef100000, 0x00000000ef100000, 0x00000000ef200000|  0%| F|  |TAMS 0x00000000ef100000, 0x00000000ef100000| Untracked 
| 242|0x00000000ef200000, 0x00000000ef200000, 0x00000000ef300000|  0%| F|  |TAMS 0x00000000ef200000, 0x00000000ef200000| Untracked 
| 243|0x00000000ef300000, 0x00000000ef300000, 0x00000000ef400000|  0%| F|  |TAMS 0x00000000ef300000, 0x00000000ef300000| Untracked 
| 244|0x00000000ef400000, 0x00000000ef400000, 0x00000000ef500000|  0%| F|  |TAMS 0x00000000ef400000, 0x00000000ef400000| Untracked 
| 245|0x00000000ef500000, 0x00000000ef500000, 0x00000000ef600000|  0%| F|  |TAMS 0x00000000ef500000, 0x00000000ef500000| Untracked 
| 246|0x00000000ef600000, 0x00000000ef600000, 0x00000000ef700000|  0%| F|  |TAMS 0x00000000ef600000, 0x00000000ef600000| Untracked 
| 247|0x00000000ef700000, 0x00000000ef700000, 0x00000000ef800000|  0%| F|  |TAMS 0x00000000ef700000, 0x00000000ef700000| Untracked 
| 248|0x00000000ef800000, 0x00000000ef800000, 0x00000000ef900000|  0%| F|  |TAMS 0x00000000ef800000, 0x00000000ef800000| Untracked 
| 249|0x00000000ef900000, 0x00000000ef900000, 0x00000000efa00000|  0%| F|  |TAMS 0x00000000ef900000, 0x00000000ef900000| Untracked 
| 250|0x00000000efa00000, 0x00000000efa00000, 0x00000000efb00000|  0%| F|  |TAMS 0x00000000efa00000, 0x00000000efa00000| Untracked 
| 251|0x00000000efb00000, 0x00000000efb00000, 0x00000000efc00000|  0%| F|  |TAMS 0x00000000efb00000, 0x00000000efb00000| Untracked 
| 252|0x00000000efc00000, 0x00000000efc00000, 0x00000000efd00000|  0%| F|  |TAMS 0x00000000efc00000, 0x00000000efc00000| Untracked 
| 253|0x00000000efd00000, 0x00000000efd00000, 0x00000000efe00000|  0%| F|  |TAMS 0x00000000efd00000, 0x00000000efd00000| Untracked 
| 254|0x00000000efe00000, 0x00000000eff00000, 0x00000000eff00000|100%| E|  |TAMS 0x00000000efe00000, 0x00000000efe00000| Complete 
| 255|0x00000000eff00000, 0x00000000f0000000, 0x00000000f0000000|100%| E|CS|TAMS 0x00000000eff00000, 0x00000000eff00000| Complete 

Card table byte_map: [0x000002cdc1d00000,0x000002cdc1e00000] _byte_map_base: 0x000002cdc1600000

Marking Bits (Prev, Next): (CMBitMap*) 0x000002cdae805890, (CMBitMap*) 0x000002cdae805858
 Prev Bits: [0x000002cdc2700000, 0x000002cdc2f00000)
 Next Bits: [0x000002cdc1f00000, 0x000002cdc2700000)

Polling page: 0x000002cdac5e0000

Metaspace:

Usage:
  Non-class:     17.87 MB capacity,    17.50 MB ( 98%) used,   349.45 KB (  2%) free+waste,    34.06 KB ( <1%) overhead. 
      Class:      3.07 MB capacity,     2.90 MB ( 95%) used,   154.34 KB (  5%) free+waste,    17.69 KB ( <1%) overhead. 
       Both:     20.94 MB capacity,    20.39 MB ( 97%) used,   503.79 KB (  2%) free+waste,    51.75 KB ( <1%) overhead. 

Virtual space:
  Non-class space:       18.00 MB reserved,      17.92 MB (>99%) committed 
      Class space:      248.00 MB reserved,       3.13 MB (  1%) committed 
             Both:      266.00 MB reserved,      21.05 MB (  8%) committed 

Chunk freelists:
   Non-Class:  5.00 KB
       Class:  29.00 KB
        Both:  34.00 KB

MaxMetaspaceSize: 256.00 MB
CompressedClassSpaceSize: 248.00 MB

CodeHeap 'non-profiled nmethods': size=120000Kb used=918Kb max_used=918Kb free=119081Kb
 bounds [0x000002cdba380000, 0x000002cdba5f0000, 0x000002cdc18b0000]
CodeHeap 'profiled nmethods': size=120000Kb used=4101Kb max_used=4101Kb free=115898Kb
 bounds [0x000002cdb2e50000, 0x000002cdb3260000, 0x000002cdba380000]
CodeHeap 'non-nmethods': size=5760Kb used=1176Kb max_used=1189Kb free=4584Kb
 bounds [0x000002cdb28b0000, 0x000002cdb2b20000, 0x000002cdb2e50000]
 total_blobs=3567 nmethods=2003 adapters=421
 compilation: enabled
              stopped_count=0, restarted_count=0
 full_count=0

Compilation events (20 events):
Event: 2.209 Thread 0x000002cdc5944000 2169       3       java.util.concurrent.ConcurrentLinkedQueue::offer (120 bytes)
Event: 2.211 Thread 0x000002cdc5944000 nmethod 2169 0x000002cdb3240d10 code [0x000002cdb3241100, 0x000002cdb3242ce0]
Event: 2.211 Thread 0x000002cdc5944000 2170       3       java.util.concurrent.ConcurrentLinkedQueue$Node::<init> (13 bytes)
Event: 2.211 Thread 0x000002cdc5940000 nmethod 2158 0x000002cdba462710 code [0x000002cdba4628a0, 0x000002cdba462a58]
Event: 2.211 Thread 0x000002cdc5940000 2168       4       java.lang.reflect.Modifier::isStatic (13 bytes)
Event: 2.211 Thread 0x000002cdc5944000 nmethod 2170 0x000002cdb3243610 code [0x000002cdb3243880, 0x000002cdb32441a0]
Event: 2.212 Thread 0x000002cdc5940000 nmethod 2168 0x000002cdba462b10 code [0x000002cdba462ca0, 0x000002cdba462cf8]
Event: 2.212 Thread 0x000002cdc5940000 2157       4       java.lang.reflect.AccessibleObject::setAccessible0 (7 bytes)
Event: 2.212 Thread 0x000002cdc5940000 nmethod 2157 0x000002cdba462d90 code [0x000002cdba462f20, 0x000002cdba462f98]
Event: 2.219 Thread 0x000002cdc5940000 2171       4       org.codehaus.groovy.reflection.CachedMethod::getName (8 bytes)
Event: 2.219 Thread 0x000002cdc5940000 nmethod 2171 0x000002cdba463010 code [0x000002cdba4631a0, 0x000002cdba463238]
Event: 2.220 Thread 0x000002cdc5940000 2172       4       java.lang.PublicMethods$Key::matches (31 bytes)
Event: 2.221 Thread 0x000002cdc5944000 2173       3       java.lang.Class::getDeclaredMethods (27 bytes)
Event: 2.221 Thread 0x000002cdc5944000 nmethod 2173 0x000002cdb3244490 code [0x000002cdb3244680, 0x000002cdb32449a0]
Event: 2.226 Thread 0x000002cdc5940000 nmethod 2172 0x000002cdba463310 code [0x000002cdba4634c0, 0x000002cdba463838]
Event: 2.231 Thread 0x000002cdc5944000 2174       3       org.codehaus.groovy.reflection.stdclasses.CachedSAMClass::getAbstractMethods (122 bytes)
Event: 2.231 Thread 0x000002cdc5940000 2175       4       java.lang.PublicMethods$MethodList::filter (104 bytes)
Event: 2.231 Thread 0x000002cdc5944000 nmethod 2174 0x000002cdb3244a90 code [0x000002cdb3244d20, 0x000002cdb3245990]
Event: 2.231 Thread 0x000002cdc5944000 2176       3       org.codehaus.groovy.reflection.CachedClass::getInterfaces (11 bytes)
Event: 2.232 Thread 0x000002cdc5944000 nmethod 2176 0x000002cdb3245e10 code [0x000002cdb3245fe0, 0x000002cdb3246350]

GC Heap History (3 events):
Event: 0.524 GC heap before
{Heap before GC invocations=0 (full 0):
 garbage-first heap   total 262144K, used 26624K [0x00000000e0000000, 0x0000000100000000)
  region size 1024K, 24 young (24576K), 0 survivors (0K)
 Metaspace       used 3887K, capacity 6592K, committed 6784K, reserved 262144K
  class space    used 500K, capacity 770K, committed 896K, reserved 253952K
}
Event: 0.531 GC heap after
{Heap after GC invocations=1 (full 0):
 garbage-first heap   total 262144K, used 7642K [0x00000000e0000000, 0x0000000100000000)
  region size 1024K, 3 young (3072K), 3 survivors (3072K)
 Metaspace       used 3887K, capacity 6592K, committed 6784K, reserved 262144K
  class space    used 500K, capacity 770K, committed 896K, reserved 253952K
}
Event: 2.236 GC heap before
{Heap before GC invocations=1 (full 0):
 garbage-first heap   total 262144K, used 119258K [0x00000000e0000000, 0x0000000100000000)
  region size 1024K, 114 young (116736K), 3 survivors (3072K)
 Metaspace       used 20677K, capacity 21182K, committed 21296K, reserved 272384K
  class space    used 2932K, capacity 3139K, committed 3200K, reserved 253952K
}

Deoptimization events (20 events):
Event: 1.958 Thread 0x000002cdc76c9800 DEOPT PACKING pc=0x000002cdb2e85df0 sp=0x000000d2353fb330
Event: 1.958 Thread 0x000002cdc76c9800 DEOPT UNPACKING pc=0x000002cdb28d904e sp=0x000000d2353fa7b8 mode 0
Event: 1.994 Thread 0x000002cdc76c9800 DEOPT PACKING pc=0x000002cdb2fb23c1 sp=0x000000d2353fb570
Event: 1.994 Thread 0x000002cdc76c9800 DEOPT UNPACKING pc=0x000002cdb28d904e sp=0x000000d2353faa68 mode 0
Event: 2.202 Thread 0x000002cdc76c9800 Uncommon trap: trap_request=0xffffffbe fr.pc=0x000002cdba4610f8 relative=0x0000000000000798
Event: 2.202 Thread 0x000002cdc76c9800 Uncommon trap: reason=profile_predicate action=maybe_recompile pc=0x000002cdba4610f8 method=java.lang.PublicMethods$MethodList.filter([Ljava/lang/reflect/Method;Ljava/lang/String;[Ljava/lang/Class;Z)Ljava/lang/PublicMethods$MethodList; @ 21 c2
Event: 2.202 Thread 0x000002cdc76c9800 DEOPT PACKING pc=0x000002cdba4610f8 sp=0x000000d2353f9210
Event: 2.202 Thread 0x000002cdc76c9800 DEOPT UNPACKING pc=0x000002cdb28d922f sp=0x000000d2353f91c8 mode 2
Event: 2.219 Thread 0x000002cdc76c9800 Uncommon trap: trap_request=0xffffffbe fr.pc=0x000002cdba4610f8 relative=0x0000000000000798
Event: 2.219 Thread 0x000002cdc76c9800 Uncommon trap: reason=profile_predicate action=maybe_recompile pc=0x000002cdba4610f8 method=java.lang.PublicMethods$MethodList.filter([Ljava/lang/reflect/Method;Ljava/lang/String;[Ljava/lang/Class;Z)Ljava/lang/PublicMethods$MethodList; @ 21 c2
Event: 2.219 Thread 0x000002cdc76c9800 DEOPT PACKING pc=0x000002cdba4610f8 sp=0x000000d2353f8a50
Event: 2.219 Thread 0x000002cdc76c9800 DEOPT UNPACKING pc=0x000002cdb28d922f sp=0x000000d2353f8a08 mode 2
Event: 2.219 Thread 0x000002cdc76c9800 Uncommon trap: trap_request=0xffffffbe fr.pc=0x000002cdba4610f8 relative=0x0000000000000798
Event: 2.219 Thread 0x000002cdc76c9800 Uncommon trap: reason=profile_predicate action=maybe_recompile pc=0x000002cdba4610f8 method=java.lang.PublicMethods$MethodList.filter([Ljava/lang/reflect/Method;Ljava/lang/String;[Ljava/lang/Class;Z)Ljava/lang/PublicMethods$MethodList; @ 21 c2
Event: 2.219 Thread 0x000002cdc76c9800 DEOPT PACKING pc=0x000002cdba4610f8 sp=0x000000d2353f8a30
Event: 2.219 Thread 0x000002cdc76c9800 DEOPT UNPACKING pc=0x000002cdb28d922f sp=0x000000d2353f89e8 mode 2
Event: 2.220 Thread 0x000002cdc76c9800 Uncommon trap: trap_request=0xffffffbe fr.pc=0x000002cdba4610f8 relative=0x0000000000000798
Event: 2.220 Thread 0x000002cdc76c9800 Uncommon trap: reason=profile_predicate action=maybe_recompile pc=0x000002cdba4610f8 method=java.lang.PublicMethods$MethodList.filter([Ljava/lang/reflect/Method;Ljava/lang/String;[Ljava/lang/Class;Z)Ljava/lang/PublicMethods$MethodList; @ 21 c2
Event: 2.220 Thread 0x000002cdc76c9800 DEOPT PACKING pc=0x000002cdba4610f8 sp=0x000000d2353f8a50
Event: 2.220 Thread 0x000002cdc76c9800 DEOPT UNPACKING pc=0x000002cdb28d922f sp=0x000000d2353f8a08 mode 2

Classes redefined (0 events):
No events

Internal exceptions (20 events):
Event: 1.000 Thread 0x000002cdae7d9800 Exception <a 'java/lang/NoSuchMethodError'{0x00000000edfcad50}: 'java.lang.Object java.lang.invoke.Invokers$Holder.invoker(java.lang.Object, java.lang.Object, java.lang.Object, java.lang.Object, java.lang.Object)'> (0x00000000edfcad50) thrown at [c:/Build
Event: 1.001 Thread 0x000002cdae7d9800 Exception <a 'java/lang/NoSuchMethodError'{0x00000000edfdbac8}: 'void java.lang.invoke.DelegatingMethodHandle$Holder.delegate(java.lang.Object, java.lang.Object, int, java.lang.Object)'> (0x00000000edfdbac8) thrown at [c:/BuildAgent/work/5ff2f6c26000d570/
Event: 1.051 Thread 0x000002cdae7d9800 Exception <a 'java/lang/NoSuchMethodError'{0x00000000edcecf88}: 'java.lang.Object java.lang.invoke.DirectMethodHandle$Holder.invokeStaticInit(java.lang.Object, int, int, int, int)'> (0x00000000edcecf88) thrown at [c:/BuildAgent/work/5ff2f6c26000d570/src/h
Event: 1.128 Thread 0x000002cdae7d9800 Exception <a 'java/lang/NoSuchMethodError'{0x00000000edbb4820}: 'java.lang.Object java.lang.invoke.DirectMethodHandle$Holder.invokeStaticInit(java.lang.Object, java.lang.Object, int, int, int, int)'> (0x00000000edbb4820) thrown at [c:/BuildAgent/work/5ff2
Event: 1.260 Thread 0x000002cdae7d9800 Exception <a 'java/io/IOException'{0x00000000ed822c98}> (0x00000000ed822c98) thrown at [c:/BuildAgent/work/5ff2f6c26000d570/src/hotspot/share/prims/jni.cpp, line 615]
Event: 1.294 Thread 0x000002cdc7643800 Exception <a 'java/lang/NoSuchMethodError'{0x00000000ed7a3860}: <clinit>> (0x00000000ed7a3860) thrown at [c:/BuildAgent/work/5ff2f6c26000d570/src/hotspot/share/prims/jni.cpp, line 1362]
Event: 1.295 Thread 0x000002cdc7643800 Exception <a 'java/lang/NoSuchMethodError'{0x00000000ed7ac138}: <clinit>> (0x00000000ed7ac138) thrown at [c:/BuildAgent/work/5ff2f6c26000d570/src/hotspot/share/prims/jni.cpp, line 1362]
Event: 1.297 Thread 0x000002cdc7643800 Exception <a 'java/lang/NoSuchMethodError'{0x00000000ed7bb4e8}: <clinit>> (0x00000000ed7bb4e8) thrown at [c:/BuildAgent/work/5ff2f6c26000d570/src/hotspot/share/prims/jni.cpp, line 1362]
Event: 1.304 Thread 0x000002cdc7643800 Exception <a 'java/lang/NoSuchMethodError'{0x00000000ed7fe0e0}: <clinit>> (0x00000000ed7fe0e0) thrown at [c:/BuildAgent/work/5ff2f6c26000d570/src/hotspot/share/prims/jni.cpp, line 1362]
Event: 1.308 Thread 0x000002cdc7643800 Exception <a 'java/lang/NoSuchMethodError'{0x00000000ed637b40}: <clinit>> (0x00000000ed637b40) thrown at [c:/BuildAgent/work/5ff2f6c26000d570/src/hotspot/share/prims/jni.cpp, line 1362]
Event: 1.312 Thread 0x000002cdc7643800 Exception <a 'java/lang/NoSuchMethodError'{0x00000000ed6690e0}: <clinit>> (0x00000000ed6690e0) thrown at [c:/BuildAgent/work/5ff2f6c26000d570/src/hotspot/share/prims/jni.cpp, line 1362]
Event: 1.313 Thread 0x000002cdc7643800 Exception <a 'java/lang/NoSuchMethodError'{0x00000000ed673370}: <clinit>> (0x00000000ed673370) thrown at [c:/BuildAgent/work/5ff2f6c26000d570/src/hotspot/share/prims/jni.cpp, line 1362]
Event: 1.352 Thread 0x000002cdc76c9800 Exception <a 'java/lang/NoSuchMethodError'{0x00000000ed32e768}: 'void java.lang.invoke.DelegatingMethodHandle$Holder.reinvoke_L(java.lang.Object, java.lang.Object, java.lang.Object, java.lang.Object)'> (0x00000000ed32e768) thrown at [c:/BuildAgent/work/5f
Event: 1.355 Thread 0x000002cdc76c9800 Exception <a 'java/lang/NoSuchMethodError'{0x00000000ed34e280}: 'void java.lang.invoke.DirectMethodHandle$Holder.invokeVirtual(java.lang.Object, java.lang.Object, java.lang.Object, java.lang.Object, java.lang.Object, java.lang.Object)'> (0x00000000ed34e28
Event: 1.357 Thread 0x000002cdc76c9800 Exception <a 'java/lang/NoSuchMethodError'{0x00000000ed371438}: 'void java.lang.invoke.DelegatingMethodHandle$Holder.reinvoke_L(java.lang.Object, java.lang.Object, java.lang.Object, java.lang.Object, java.lang.Object, java.lang.Object)'> (0x00000000ed3714
Event: 1.414 Thread 0x000002cdc76c9800 Exception <a 'java/lang/NoSuchMethodError'{0x00000000ecdc0d08}: 'java.lang.Object java.lang.invoke.DirectMethodHandle$Holder.invokeVirtual(java.lang.Object, java.lang.Object, java.lang.Object)'> (0x00000000ecdc0d08) thrown at [c:/BuildAgent/work/5ff2f6c26
Event: 1.444 Thread 0x000002cdc76c9800 Exception <a 'java/lang/NoSuchMethodError'{0x00000000eca93078}: 'java.lang.Object java.lang.invoke.Invokers$Holder.invoker(java.lang.Object, java.lang.Object, java.lang.Object)'> (0x00000000eca93078) thrown at [c:/BuildAgent/work/5ff2f6c26000d570/src/hots
Event: 1.580 Thread 0x000002cdc76c9800 Exception <a 'java/lang/NoSuchMethodError'{0x00000000ebb681d8}: 'java.lang.Object java.lang.invoke.DirectMethodHandle$Holder.invokeVirtual(java.lang.Object, java.lang.Object, java.lang.Object, java.lang.Object)'> (0x00000000ebb681d8) thrown at [c:/BuildAg
Event: 1.695 Thread 0x000002cdc76c9800 Implicit null exception at 0x000002cdba3d59cf to 0x000002cdba3d5dc2
Event: 1.856 Thread 0x000002cdc76c9800 Exception <a 'java/lang/NoSuchMethodError'{0x00000000ea850328}: 'java.lang.Object java.lang.invoke.DirectMethodHandle$Holder.invokeVirtual(java.lang.Object, java.lang.Object, java.lang.Object, java.lang.Object, java.lang.Object, java.lang.Object, java.lan

Events (20 events):
Event: 2.235 loading class java/awt/PointerInfo
Event: 2.235 loading class java/awt/PointerInfo done
Event: 2.235 loading class java/awt/dnd/DropTarget
Event: 2.235 loading class java/awt/dnd/DropTargetListener
Event: 2.235 loading class java/awt/dnd/DropTargetListener done
Event: 2.235 loading class java/awt/dnd/DropTarget done
Event: 2.235 loading class java/awt/Toolkit
Event: 2.235 loading class java/awt/Toolkit done
Event: 2.235 loading class sun/awt/ComponentFactory
Event: 2.236 loading class sun/awt/ComponentFactory done
Event: 2.236 loading class java/awt/image/ColorModel
Event: 2.236 loading class java/awt/image/ColorModel done
Event: 2.236 loading class java/awt/Cursor
Event: 2.236 loading class java/awt/Cursor done
Event: 2.236 loading class java/awt/image/ImageProducer
Event: 2.236 loading class java/awt/image/ImageProducer done
Event: 2.236 loading class java/awt/ImageCapabilities
Event: 2.236 loading class java/awt/ImageCapabilities done
Event: 2.236 loading class java/awt/image/VolatileImage
Event: 2.236 Executing VM operation: CollectForMetadataAllocation


Dynamic libraries:
0x00007ff63fe20000 - 0x00007ff63fe2a000 	C:\Program Files\JetBrains\IntelliJ IDEA 2019.3.5\jbr\bin\java.exe
0x00007ff9281c0000 - 0x00007ff9283b0000 	C:\Windows\SYSTEM32\ntdll.dll
0x00007ff926de0000 - 0x00007ff926e92000 	C:\Windows\System32\KERNEL32.DLL
0x00007ff925190000 - 0x00007ff925434000 	C:\Windows\System32\KERNELBASE.dll
0x00007ff9254f0000 - 0x00007ff9255ea000 	C:\Windows\System32\ucrtbase.dll
0x00007ff922be0000 - 0x00007ff922bf9000 	C:\Program Files\JetBrains\IntelliJ IDEA 2019.3.5\jbr\bin\jli.dll
0x00007ff902bd0000 - 0x00007ff902be7000 	C:\Program Files\JetBrains\IntelliJ IDEA 2019.3.5\jbr\bin\VCRUNTIME140.dll
0x00007ff926c00000 - 0x00007ff926d95000 	C:\Windows\System32\USER32.dll
0x00007ff914860000 - 0x00007ff914ae4000 	C:\Windows\WinSxS\amd64_microsoft.windows.common-controls_6595b64144ccf1df_6.0.18362.1016_none_9e7a36bbe461dae4\COMCTL32.dll
0x00007ff925440000 - 0x00007ff925461000 	C:\Windows\System32\win32u.dll
0x00007ff9276a0000 - 0x00007ff92773e000 	C:\Windows\System32\msvcrt.dll
0x00007ff926320000 - 0x00007ff926346000 	C:\Windows\System32\GDI32.dll
0x00007ff926f70000 - 0x00007ff9272a5000 	C:\Windows\System32\combase.dll
0x00007ff925620000 - 0x00007ff9257b6000 	C:\Windows\System32\gdi32full.dll
0x00007ff926ae0000 - 0x00007ff926c00000 	C:\Windows\System32\RPCRT4.dll
0x00007ff9257c0000 - 0x00007ff92585e000 	C:\Windows\System32\msvcp_win.dll
0x00007ff925470000 - 0x00007ff9254f0000 	C:\Windows\System32\bcryptPrimitives.dll
0x00007ff927610000 - 0x00007ff92763e000 	C:\Windows\System32\IMM32.DLL
0x00007ff8f5110000 - 0x00007ff8f51ad000 	C:\Program Files\JetBrains\IntelliJ IDEA 2019.3.5\jbr\bin\msvcp140.dll
0x00007ff8caf90000 - 0x00007ff8cba4d000 	C:\Program Files\JetBrains\IntelliJ IDEA 2019.3.5\jbr\bin\server\jvm.dll
0x00007ff927560000 - 0x00007ff927603000 	C:\Windows\System32\ADVAPI32.dll
0x00007ff927380000 - 0x00007ff927417000 	C:\Windows\System32\sechost.dll
0x00007ff926f00000 - 0x00007ff926f08000 	C:\Windows\System32\PSAPI.DLL
0x00007ff917650000 - 0x00007ff917659000 	C:\Windows\SYSTEM32\WSOCK32.dll
0x00007ff9222d0000 - 0x00007ff9222f4000 	C:\Windows\SYSTEM32\WINMM.dll
0x00007ff9274f0000 - 0x00007ff92755f000 	C:\Windows\System32\WS2_32.dll
0x00007ff920890000 - 0x00007ff92089a000 	C:\Windows\SYSTEM32\VERSION.dll
0x00007ff9222a0000 - 0x00007ff9222cd000 	C:\Windows\SYSTEM32\winmmbase.dll
0x00007ff925140000 - 0x00007ff92518a000 	C:\Windows\System32\cfgmgr32.dll
0x00007ff925080000 - 0x00007ff925091000 	C:\Windows\System32\kernel.appcore.dll
0x00007ff922c30000 - 0x00007ff922c41000 	C:\Program Files\JetBrains\IntelliJ IDEA 2019.3.5\jbr\bin\verify.dll
0x00007ff914cf0000 - 0x00007ff914ee4000 	C:\Windows\SYSTEM32\DBGHELP.DLL
0x00007ff917090000 - 0x00007ff9170ba000 	C:\Windows\SYSTEM32\dbgcore.DLL
0x00007ff922c00000 - 0x00007ff922c29000 	C:\Program Files\JetBrains\IntelliJ IDEA 2019.3.5\jbr\bin\java.dll
0x00007ff922bc0000 - 0x00007ff922bd8000 	C:\Program Files\JetBrains\IntelliJ IDEA 2019.3.5\jbr\bin\zip.dll
0x00007ff922bb0000 - 0x00007ff922bbb000 	C:\Program Files\JetBrains\IntelliJ IDEA 2019.3.5\jbr\bin\jimage.dll
0x00007ff9277c0000 - 0x00007ff927ea7000 	C:\Windows\System32\SHELL32.dll
0x00007ff926270000 - 0x00007ff926319000 	C:\Windows\System32\shcore.dll
0x00007ff925930000 - 0x00007ff9260b2000 	C:\Windows\System32\windows.storage.dll
0x00007ff9250a0000 - 0x00007ff9250c3000 	C:\Windows\System32\profapi.dll
0x00007ff9250d0000 - 0x00007ff92511a000 	C:\Windows\System32\powrprof.dll
0x00007ff925070000 - 0x00007ff925080000 	C:\Windows\System32\UMPDC.dll
0x00007ff926ea0000 - 0x00007ff926ef2000 	C:\Windows\System32\shlwapi.dll
0x00007ff925860000 - 0x00007ff925877000 	C:\Windows\System32\cryptsp.dll
0x00007ff9216f0000 - 0x00007ff92170a000 	C:\Program Files\JetBrains\IntelliJ IDEA 2019.3.5\jbr\bin\net.dll
0x00007ff918e70000 - 0x00007ff918f60000 	C:\Windows\SYSTEM32\WINHTTP.dll
0x00007ff9248d0000 - 0x00007ff924937000 	C:\Windows\system32\mswsock.dll
0x00007ff906070000 - 0x00007ff906084000 	C:\Program Files\JetBrains\IntelliJ IDEA 2019.3.5\jbr\bin\nio.dll
0x00007ff9015d0000 - 0x00007ff9015f6000 	C:\Users\User\.gradle\native\28\windows-amd64\native-platform.dll
0x00007ff922ba0000 - 0x00007ff922baa000 	C:\Program Files\JetBrains\IntelliJ IDEA 2019.3.5\jbr\bin\management.dll
0x00007ff9216e0000 - 0x00007ff9216ec000 	C:\Program Files\JetBrains\IntelliJ IDEA 2019.3.5\jbr\bin\management_ext.dll
0x00007ff924440000 - 0x00007ff924473000 	C:\Windows\system32\rsaenh.dll
0x00007ff9255f0000 - 0x00007ff925616000 	C:\Windows\System32\bcrypt.dll
0x00007ff924f60000 - 0x00007ff924f85000 	C:\Windows\SYSTEM32\USERENV.dll
0x00007ff924aa0000 - 0x00007ff924aac000 	C:\Windows\SYSTEM32\CRYPTBASE.dll
0x00007ff9245e0000 - 0x00007ff92461a000 	C:\Windows\SYSTEM32\IPHLPAPI.DLL
0x00007ff926da0000 - 0x00007ff926da8000 	C:\Windows\System32\NSI.dll
0x00007ff91c380000 - 0x00007ff91c396000 	C:\Windows\SYSTEM32\dhcpcsvc6.DLL
0x00007ff91c450000 - 0x00007ff91c46c000 	C:\Windows\SYSTEM32\dhcpcsvc.DLL
0x00007ff924620000 - 0x00007ff9246eb000 	C:\Windows\SYSTEM32\DNSAPI.dll

dbghelp: loaded successfully - version: 4.0.5 - missing functions: none
symbol engine: initialized successfully - sym options: 0x614 - pdb path: .;C:\Program Files\JetBrains\IntelliJ IDEA 2019.3.5\jbr\bin;C:\Windows\SYSTEM32;C:\Windows\WinSxS\amd64_microsoft.windows.common-controls_6595b64144ccf1df_6.0.18362.1016_none_9e7a36bbe461dae4;C:\Program Files\JetBrains\IntelliJ IDEA 2019.3.5\jbr\bin\server;C:\Users\User\.gradle\native\28\windows-amd64

VM Arguments:
jvm_args: --add-opens=java.base/java.util=ALL-UNNAMED --add-opens=java.base/java.lang=ALL-UNNAMED --add-opens=java.base/java.lang.invoke=ALL-UNNAMED --add-opens=java.prefs/java.util.prefs=ALL-UNNAMED -XX:MaxMetaspaceSize=256m -XX:+HeapDumpOnOutOfMemoryError -Xmx512m -Dfile.encoding=windows-1251 -Duser.country=RU -Duser.language=ru -Duser.variant 
java_command: org.gradle.launcher.daemon.bootstrap.GradleDaemon 5.2.1
java_class_path (initial): C:\Users\User\.gradle\wrapper\dists\gradle-5.2.1-all\bviwmvmbexq6idcscbicws5me\gradle-5.2.1\lib\gradle-launcher-5.2.1.jar
Launcher Type: SUN_STANDARD

[Global flags]
     intx CICompilerCount                          = 4                                         {product} {ergonomic}
   size_t CompressedClassSpaceSize                 = 260046848                                 {product} {ergonomic}
     uint ConcGCThreads                            = 2                                         {product} {ergonomic}
     uint G1ConcRefinementThreads                  = 8                                         {product} {ergonomic}
   size_t G1HeapRegionSize                         = 1048576                                   {product} {ergonomic}
    uintx GCDrainStackTargetSize                   = 64                                        {product} {ergonomic}
     bool HeapDumpOnOutOfMemoryError               = true                                   {manageable} {command line}
   size_t InitialHeapSize                          = 268435456                                 {product} {ergonomic}
   size_t MarkStackSize                            = 4194304                                   {product} {ergonomic}
   size_t MaxHeapSize                              = 536870912                                 {product} {command line}
   size_t MaxMetaspaceSize                         = 268435456                                 {product} {command line}
   size_t MaxNewSize                               = 321912832                                 {product} {ergonomic}
   size_t MinHeapDeltaBytes                        = 1048576                                   {product} {ergonomic}
    uintx NonNMethodCodeHeapSize                   = 5836300                                {pd product} {ergonomic}
    uintx NonProfiledCodeHeapSize                  = 122910970                              {pd product} {ergonomic}
    uintx ProfiledCodeHeapSize                     = 122910970                              {pd product} {ergonomic}
    uintx ReservedCodeCacheSize                    = 251658240                              {pd product} {ergonomic}
     bool SegmentedCodeCache                       = true                                      {product} {ergonomic}
     bool UseCompressedClassPointers               = true                                 {lp64_product} {ergonomic}
     bool UseCompressedOops                        = true                                 {lp64_product} {ergonomic}
     bool UseG1GC                                  = true                                      {product} {ergonomic}
     bool UseLargePagesIndividualAllocation        = false                                  {pd product} {ergonomic}

Logging:
Log output configuration:
 #0: stdout all=warning uptime,level,tags
 #1: stderr all=off uptime,level,tags

Environment Variables:
JAVA_HOME=C:\Program Files\Java\jdk-13.0.1
PATH=C:\Windows\system32;C:\Windows;C:\Windows\System32\Wbem;C:\Windows\System32\WindowsPowerShell\v1.0\;C:\Windows\System32\OpenSSH\;C:\Program Files\Java\jdk-13.0.1\bin;C:\tools\allure-commandline-2.12.1\allure-2.12.1\bin;%JMETER_HOME%\bin;C:\Program Files\Git\cmd;C:\Program Files\PostgreSQL\12\bin;C:\Program Files\nodejs\;C:\Users\User\AppData\Local\Microsoft\WindowsApps;C:\Program Files\JetBrains\IntelliJ IDEA Community Edition 2019.2.3\bin;C:\Users\User\AppData\Local\GitHubDesktop\bin;C:\Program Files\Git\bin;;C:\Users\User\AppData\Local\Programs\Fiddler;C:\Users\User\AppData\Local\Programs\Microsoft VS Code\bin;C:\Users\User\AppData\Roaming\npm;C:\Program Files\JetBrains\WebStorm 2019.3.3\bin;
USERNAME=User
OS=Windows_NT
PROCESSOR_IDENTIFIER=Intel64 Family 6 Model 94 Stepping 3, GenuineIntel



---------------  S Y S T E M  ---------------

OS: Windows 10 , 64 bit Build 18362 (10.0.18362.959)

CPU:total 8 (initial active 8) (4 cores per cpu, 2 threads per core) family 6 model 94 stepping 3, cmov, cx8, fxsr, mmx, sse, sse2, sse3, ssse3, sse4.1, sse4.2, popcnt, avx, avx2, aes, clmul, erms, rtm, 3dnowpref, lzcnt, ht, tsc, tscinvbit, bmi1, bmi2, adx, fma

Memory: 4k page, system-wide physical 16266M (2237M free)
TotalPageFile size 31448M (AvailPageFile size 6M)
current process WorkingSet (physical memory assigned to process): 255M, peak: 255M
current process commit charge ("private bytes"): 420M, peak: 421M

vm_info: OpenJDK 64-Bit Server VM (11.0.6+8-b520.66) for windows-amd64 JRE (11.0.6+8-b520.66), built on Apr 20 2020 16:47:00 by "" with MS VC++ 14.0 (VS2015)

END.
