#
# There is insufficient memory for the Java Runtime Environment to continue.
# Native memory allocation (malloc) failed to allocate 553856 bytes for Chunk::new
# Possible reasons:
#   The system is out of physical RAM or swap space
#   The process is running with CompressedOops enabled, and the Java Heap may be blocking the growth of the native heap
# Possible solutions:
#   Reduce memory load on the system
#   Increase physical memory or swap space
#   Check if swap backing store is full
#   Decrease Java heap size (-Xmx/-Xms)
#   Decrease number of Java threads
#   Decrease Java thread stack sizes (-Xss)
#   Set larger code cache with -XX:ReservedCodeCacheSize=
#   JVM is running with Unscaled Compressed Oops mode in which the Java heap is
#     placed in the first 4GB address space. The Java Heap base address is the
#     maximum limit for the native heap growth. Please use -XX:HeapBaseMinAddress
#     to set the Java Heap base and to place the Java Heap above 4GB virtual address.
# This output file may be truncated or incomplete.
#
#  Out of Memory Error (t:/workspace/open/src/hotspot/share/memory/arena.cpp:196), pid=9248, tid=23940
#
# JRE version: Java(TM) SE Runtime Environment (13.0.1+9) (build 13.0.1+9)
# Java VM: Java HotSpot(TM) 64-Bit Server VM (13.0.1+9, mixed mode, sharing, tiered, compressed oops, g1 gc, windows-amd64)
# No core dump will be written. Minidumps are not enabled by default on client versions of Windows
#

---------------  S U M M A R Y ------------

Command Line: -Dallure.report.directory=build/allure-report -Dallure.results.directory=C:\Users\User\IdeaProjects\Redesing\build\allure-results -Dorg.gradle.native=false -javaagent:C:\Users\User\.gradle\caches\modules-2\files-2.1\org.aspectj\aspectjweaver\1.8.10\e198c5fee28988c355f74e06461614eae36b2032\aspectjweaver-1.8.10.jar -Xmx512m -Dfile.encoding=windows-1251 -Duser.country=RU -Duser.language=ru -Duser.variant -ea worker.org.gradle.process.internal.worker.GradleWorkerMain 'Gradle Test Executor 3'

Host: Intel(R) Core(TM) i7-6700T CPU @ 2.80GHz, 8 cores, 15G,  Windows 10 , 64 bit Build 18362 (10.0.18362.959)
Time: Fri Sep  4 18:54:25 2020 RTZ 2 (ceia) elapsed time: 1 seconds (0d 0h 0m 1s)

---------------  T H R E A D  ---------------

Current thread (0x00000226b2354800):  JavaThread "C2 CompilerThread0" daemon [_thread_in_native, id=23940, stack(0x000000c3d8c00000,0x000000c3d8d00000)]


Current CompileTask:
C2:   1527 1568       4       org.aspectj.apache.bcel.classfile.Attribute::readAttribute (483 bytes)

Stack: [0x000000c3d8c00000,0x000000c3d8d00000]
Native frames: (J=compiled Java code, j=interpreted, Vv=VM code, C=native code)
V  [jvm.dll+0x626eca]
V  [jvm.dll+0x772c6a]
V  [jvm.dll+0x77441f]
V  [jvm.dll+0x774a23]
V  [jvm.dll+0x24da58]
V  [jvm.dll+0xc3ae7]
V  [jvm.dll+0xc406c]
V  [jvm.dll+0x2bfa84]
V  [jvm.dll+0x545e6d]
V  [jvm.dll+0x20fb86]
V  [jvm.dll+0x20921d]
V  [jvm.dll+0x2069bd]
V  [jvm.dll+0x18b94c]
V  [jvm.dll+0x2159bd]
V  [jvm.dll+0x213e6b]
V  [jvm.dll+0x738b16]
V  [jvm.dll+0x731c0a]
V  [jvm.dll+0x6260c6]
C  [ucrtbase.dll+0x20e82]
C  [KERNEL32.DLL+0x17bd4]
C  [ntdll.dll+0x6ce51]


---------------  P R O C E S S  ---------------

Threads class SMR info:
_java_thread_list=0x00000226b371fbd0, length=14, elements={
0x000002269450e000, 0x00000226b1b32800, 0x00000226b1b38000, 0x00000226b2352800,
0x00000226b2353800, 0x00000226b2354800, 0x00000226b235d800, 0x00000226b2372800,
0x00000226b251a000, 0x00000226b2539800, 0x00000226b26cf800, 0x00000226b3845800,
0x00000226b35fe800, 0x00000226b3425000
}

Java Threads: ( => current thread )
  0x000002269450e000 JavaThread "main" [_thread_blocked, id=28144, stack(0x000000c3d8100000,0x000000c3d8200000)]
  0x00000226b1b32800 JavaThread "Reference Handler" daemon [_thread_blocked, id=12172, stack(0x000000c3d8800000,0x000000c3d8900000)]
  0x00000226b1b38000 JavaThread "Finalizer" daemon [_thread_blocked, id=8536, stack(0x000000c3d8900000,0x000000c3d8a00000)]
  0x00000226b2352800 JavaThread "Signal Dispatcher" daemon [_thread_blocked, id=19416, stack(0x000000c3d8a00000,0x000000c3d8b00000)]
  0x00000226b2353800 JavaThread "Attach Listener" daemon [_thread_blocked, id=20780, stack(0x000000c3d8b00000,0x000000c3d8c00000)]
=>0x00000226b2354800 JavaThread "C2 CompilerThread0" daemon [_thread_in_native, id=23940, stack(0x000000c3d8c00000,0x000000c3d8d00000)]
  0x00000226b235d800 JavaThread "C1 CompilerThread0" daemon [_thread_in_native, id=12516, stack(0x000000c3d8d00000,0x000000c3d8e00000)]
  0x00000226b2372800 JavaThread "Sweeper thread" daemon [_thread_blocked, id=29652, stack(0x000000c3d8e00000,0x000000c3d8f00000)]
  0x00000226b251a000 JavaThread "Common-Cleaner" daemon [_thread_blocked, id=7064, stack(0x000000c3d8f00000,0x000000c3d9000000)]
  0x00000226b2539800 JavaThread "C2 CompilerThread1" daemon [_thread_in_native, id=19372, stack(0x000000c3d9000000,0x000000c3d9100000)]
  0x00000226b26cf800 JavaThread "Service Thread" daemon [_thread_blocked, id=11720, stack(0x000000c3d9100000,0x000000c3d9200000)]
  0x00000226b3845800 JavaThread "Test worker" [_thread_in_Java, id=22084, stack(0x000000c3d9900000,0x000000c3d9a00000)]
  0x00000226b35fe800 JavaThread "/127.0.0.1:63048 to /127.0.0.1:63046 workers Thread 2" [_thread_blocked, id=10636, stack(0x000000c3d9a00000,0x000000c3d9b00000)]
  0x00000226b3425000 JavaThread "/127.0.0.1:63048 to /127.0.0.1:63046 workers Thread 3" [_thread_in_native, id=12728, stack(0x000000c3d9b00000,0x000000c3d9c00000)]

Other Threads:
  0x00000226b1b2d800 VMThread "VM Thread" [stack: 0x000000c3d8700000,0x000000c3d8800000] [id=19608]
  0x00000226b2bc1800 WatcherThread [stack: 0x000000c3d9200000,0x000000c3d9300000] [id=27592]
  0x0000022694536000 GCTaskThread "GC Thread#0" [stack: 0x000000c3d8200000,0x000000c3d8300000] [id=12132]
  0x00000226b2c82000 GCTaskThread "GC Thread#1" [stack: 0x000000c3d9400000,0x000000c3d9500000] [id=26804]
  0x00000226b322d800 GCTaskThread "GC Thread#2" [stack: 0x000000c3d9500000,0x000000c3d9600000] [id=5688]
  0x00000226b3180000 GCTaskThread "GC Thread#3" [stack: 0x000000c3d9600000,0x000000c3d9700000] [id=11460]
  0x00000226b2c11000 GCTaskThread "GC Thread#4" [stack: 0x000000c3d9700000,0x000000c3d9800000] [id=28688]
  0x00000226b315a000 GCTaskThread "GC Thread#5" [stack: 0x000000c3d9800000,0x000000c3d9900000] [id=15688]
  0x000002269453c000 ConcurrentGCThread "G1 Main Marker" [stack: 0x000000c3d8300000,0x000000c3d8400000] [id=22152]
  0x000002269453d800 ConcurrentGCThread "G1 Conc#0" [stack: 0x000000c3d8400000,0x000000c3d8500000] [id=25556]
  0x00000226b19ae800 ConcurrentGCThread "G1 Refine#0" [stack: 0x000000c3d8500000,0x000000c3d8600000] [id=16276]
  0x00000226b19b0000 ConcurrentGCThread "G1 Young RemSet Sampling" [stack: 0x000000c3d8600000,0x000000c3d8700000] [id=5672]

Threads with active compile tasks:
C2 CompilerThread0     1578 1568       4       org.aspectj.apache.bcel.classfile.Attribute::readAttribute (483 bytes)
C1 CompilerThread0     1578 1651   !   3       org.aspectj.weaver.bcel.AtAjAttributes::readAj5MethodAttributes (572 bytes)
C2 CompilerThread1     1578 1643       4       org.aspectj.apache.bcel.classfile.Constant::readConstant (242 bytes)

VM state:not at safepoint (normal execution)

VM Mutex/Monitor currently owned by a thread: None

Heap address: 0x00000000e0000000, size: 512 MB, Compressed Oops mode: 32-bit
Narrow klass base: 0x0000000800000000, Narrow klass shift: 3
Compressed class space size: 1073741824 Address: 0x0000000800b40000

Heap:
 garbage-first heap   total 262144K, used 57917K [0x00000000e0000000, 0x0000000100000000)
  region size 1024K, 55 young (56320K), 3 survivors (3072K)
 Metaspace       used 11493K, capacity 11810K, committed 11904K, reserved 1062912K
  class space    used 1233K, capacity 1317K, committed 1408K, reserved 1048576K
Heap Regions: E=young(eden), S=young(survivor), O=old, HS=humongous(starts), HC=humongous(continues), CS=collection set, F=free, A=archive, TAMS=top-at-mark-start (previous, next)
|   0|0x00000000e0000000, 0x00000000e0100000, 0x00000000e0100000|100%| O|  |TAMS 0x00000000e0000000, 0x00000000e0000000| Untracked 
|   1|0x00000000e0100000, 0x00000000e0200000, 0x00000000e0200000|100%| O|  |TAMS 0x00000000e0100000, 0x00000000e0100000| Untracked 
|   2|0x00000000e0200000, 0x00000000e028f400, 0x00000000e0300000| 55%| O|  |TAMS 0x00000000e0200000, 0x00000000e0200000| Untracked 
|   3|0x00000000e0300000, 0x00000000e0300000, 0x00000000e0400000|  0%| F|  |TAMS 0x00000000e0300000, 0x00000000e0300000| Untracked 
|   4|0x00000000e0400000, 0x00000000e0400000, 0x00000000e0500000|  0%| F|  |TAMS 0x00000000e0400000, 0x00000000e0400000| Untracked 
|   5|0x00000000e0500000, 0x00000000e0500000, 0x00000000e0600000|  0%| F|  |TAMS 0x00000000e0500000, 0x00000000e0500000| Untracked 
|   6|0x00000000e0600000, 0x00000000e0600000, 0x00000000e0700000|  0%| F|  |TAMS 0x00000000e0600000, 0x00000000e0600000| Untracked 
|   7|0x00000000e0700000, 0x00000000e0700000, 0x00000000e0800000|  0%| F|  |TAMS 0x00000000e0700000, 0x00000000e0700000| Untracked 
|   8|0x00000000e0800000, 0x00000000e0800000, 0x00000000e0900000|  0%| F|  |TAMS 0x00000000e0800000, 0x00000000e0800000| Untracked 
|   9|0x00000000e0900000, 0x00000000e0900000, 0x00000000e0a00000|  0%| F|  |TAMS 0x00000000e0900000, 0x00000000e0900000| Untracked 
|  10|0x00000000e0a00000, 0x00000000e0a00000, 0x00000000e0b00000|  0%| F|  |TAMS 0x00000000e0a00000, 0x00000000e0a00000| Untracked 
|  11|0x00000000e0b00000, 0x00000000e0b00000, 0x00000000e0c00000|  0%| F|  |TAMS 0x00000000e0b00000, 0x00000000e0b00000| Untracked 
|  12|0x00000000e0c00000, 0x00000000e0c00000, 0x00000000e0d00000|  0%| F|  |TAMS 0x00000000e0c00000, 0x00000000e0c00000| Untracked 
|  13|0x00000000e0d00000, 0x00000000e0d00000, 0x00000000e0e00000|  0%| F|  |TAMS 0x00000000e0d00000, 0x00000000e0d00000| Untracked 
|  14|0x00000000e0e00000, 0x00000000e0e00000, 0x00000000e0f00000|  0%| F|  |TAMS 0x00000000e0e00000, 0x00000000e0e00000| Untracked 
|  15|0x00000000e0f00000, 0x00000000e0f00000, 0x00000000e1000000|  0%| F|  |TAMS 0x00000000e0f00000, 0x00000000e0f00000| Untracked 
|  16|0x00000000e1000000, 0x00000000e1000000, 0x00000000e1100000|  0%| F|  |TAMS 0x00000000e1000000, 0x00000000e1000000| Untracked 
|  17|0x00000000e1100000, 0x00000000e1100000, 0x00000000e1200000|  0%| F|  |TAMS 0x00000000e1100000, 0x00000000e1100000| Untracked 
|  18|0x00000000e1200000, 0x00000000e1200000, 0x00000000e1300000|  0%| F|  |TAMS 0x00000000e1200000, 0x00000000e1200000| Untracked 
|  19|0x00000000e1300000, 0x00000000e1300000, 0x00000000e1400000|  0%| F|  |TAMS 0x00000000e1300000, 0x00000000e1300000| Untracked 
|  20|0x00000000e1400000, 0x00000000e1400000, 0x00000000e1500000|  0%| F|  |TAMS 0x00000000e1400000, 0x00000000e1400000| Untracked 
|  21|0x00000000e1500000, 0x00000000e1500000, 0x00000000e1600000|  0%| F|  |TAMS 0x00000000e1500000, 0x00000000e1500000| Untracked 
|  22|0x00000000e1600000, 0x00000000e1600000, 0x00000000e1700000|  0%| F|  |TAMS 0x00000000e1600000, 0x00000000e1600000| Untracked 
|  23|0x00000000e1700000, 0x00000000e1700000, 0x00000000e1800000|  0%| F|  |TAMS 0x00000000e1700000, 0x00000000e1700000| Untracked 
|  24|0x00000000e1800000, 0x00000000e1800000, 0x00000000e1900000|  0%| F|  |TAMS 0x00000000e1800000, 0x00000000e1800000| Untracked 
|  25|0x00000000e1900000, 0x00000000e1900000, 0x00000000e1a00000|  0%| F|  |TAMS 0x00000000e1900000, 0x00000000e1900000| Untracked 
|  26|0x00000000e1a00000, 0x00000000e1a00000, 0x00000000e1b00000|  0%| F|  |TAMS 0x00000000e1a00000, 0x00000000e1a00000| Untracked 
|  27|0x00000000e1b00000, 0x00000000e1b00000, 0x00000000e1c00000|  0%| F|  |TAMS 0x00000000e1b00000, 0x00000000e1b00000| Untracked 
|  28|0x00000000e1c00000, 0x00000000e1c00000, 0x00000000e1d00000|  0%| F|  |TAMS 0x00000000e1c00000, 0x00000000e1c00000| Untracked 
|  29|0x00000000e1d00000, 0x00000000e1d00000, 0x00000000e1e00000|  0%| F|  |TAMS 0x00000000e1d00000, 0x00000000e1d00000| Untracked 
|  30|0x00000000e1e00000, 0x00000000e1e00000, 0x00000000e1f00000|  0%| F|  |TAMS 0x00000000e1e00000, 0x00000000e1e00000| Untracked 
|  31|0x00000000e1f00000, 0x00000000e1f00000, 0x00000000e2000000|  0%| F|  |TAMS 0x00000000e1f00000, 0x00000000e1f00000| Untracked 
|  32|0x00000000e2000000, 0x00000000e2000000, 0x00000000e2100000|  0%| F|  |TAMS 0x00000000e2000000, 0x00000000e2000000| Untracked 
|  33|0x00000000e2100000, 0x00000000e2100000, 0x00000000e2200000|  0%| F|  |TAMS 0x00000000e2100000, 0x00000000e2100000| Untracked 
|  34|0x00000000e2200000, 0x00000000e2200000, 0x00000000e2300000|  0%| F|  |TAMS 0x00000000e2200000, 0x00000000e2200000| Untracked 
|  35|0x00000000e2300000, 0x00000000e2300000, 0x00000000e2400000|  0%| F|  |TAMS 0x00000000e2300000, 0x00000000e2300000| Untracked 
|  36|0x00000000e2400000, 0x00000000e2400000, 0x00000000e2500000|  0%| F|  |TAMS 0x00000000e2400000, 0x00000000e2400000| Untracked 
|  37|0x00000000e2500000, 0x00000000e2500000, 0x00000000e2600000|  0%| F|  |TAMS 0x00000000e2500000, 0x00000000e2500000| Untracked 
|  38|0x00000000e2600000, 0x00000000e2600000, 0x00000000e2700000|  0%| F|  |TAMS 0x00000000e2600000, 0x00000000e2600000| Untracked 
|  39|0x00000000e2700000, 0x00000000e2700000, 0x00000000e2800000|  0%| F|  |TAMS 0x00000000e2700000, 0x00000000e2700000| Untracked 
|  40|0x00000000e2800000, 0x00000000e2800000, 0x00000000e2900000|  0%| F|  |TAMS 0x00000000e2800000, 0x00000000e2800000| Untracked 
|  41|0x00000000e2900000, 0x00000000e2900000, 0x00000000e2a00000|  0%| F|  |TAMS 0x00000000e2900000, 0x00000000e2900000| Untracked 
|  42|0x00000000e2a00000, 0x00000000e2a00000, 0x00000000e2b00000|  0%| F|  |TAMS 0x00000000e2a00000, 0x00000000e2a00000| Untracked 
|  43|0x00000000e2b00000, 0x00000000e2b00000, 0x00000000e2c00000|  0%| F|  |TAMS 0x00000000e2b00000, 0x00000000e2b00000| Untracked 
|  44|0x00000000e2c00000, 0x00000000e2c00000, 0x00000000e2d00000|  0%| F|  |TAMS 0x00000000e2c00000, 0x00000000e2c00000| Untracked 
|  45|0x00000000e2d00000, 0x00000000e2d00000, 0x00000000e2e00000|  0%| F|  |TAMS 0x00000000e2d00000, 0x00000000e2d00000| Untracked 
|  46|0x00000000e2e00000, 0x00000000e2e00000, 0x00000000e2f00000|  0%| F|  |TAMS 0x00000000e2e00000, 0x00000000e2e00000| Untracked 
|  47|0x00000000e2f00000, 0x00000000e2f00000, 0x00000000e3000000|  0%| F|  |TAMS 0x00000000e2f00000, 0x00000000e2f00000| Untracked 
|  48|0x00000000e3000000, 0x00000000e3000000, 0x00000000e3100000|  0%| F|  |TAMS 0x00000000e3000000, 0x00000000e3000000| Untracked 
|  49|0x00000000e3100000, 0x00000000e3100000, 0x00000000e3200000|  0%| F|  |TAMS 0x00000000e3100000, 0x00000000e3100000| Untracked 
|  50|0x00000000e3200000, 0x00000000e3200000, 0x00000000e3300000|  0%| F|  |TAMS 0x00000000e3200000, 0x00000000e3200000| Untracked 
|  51|0x00000000e3300000, 0x00000000e3300000, 0x00000000e3400000|  0%| F|  |TAMS 0x00000000e3300000, 0x00000000e3300000| Untracked 
|  52|0x00000000e3400000, 0x00000000e3400000, 0x00000000e3500000|  0%| F|  |TAMS 0x00000000e3400000, 0x00000000e3400000| Untracked 
|  53|0x00000000e3500000, 0x00000000e3500000, 0x00000000e3600000|  0%| F|  |TAMS 0x00000000e3500000, 0x00000000e3500000| Untracked 
|  54|0x00000000e3600000, 0x00000000e3600000, 0x00000000e3700000|  0%| F|  |TAMS 0x00000000e3600000, 0x00000000e3600000| Untracked 
|  55|0x00000000e3700000, 0x00000000e3700000, 0x00000000e3800000|  0%| F|  |TAMS 0x00000000e3700000, 0x00000000e3700000| Untracked 
|  56|0x00000000e3800000, 0x00000000e3800000, 0x00000000e3900000|  0%| F|  |TAMS 0x00000000e3800000, 0x00000000e3800000| Untracked 
|  57|0x00000000e3900000, 0x00000000e3900000, 0x00000000e3a00000|  0%| F|  |TAMS 0x00000000e3900000, 0x00000000e3900000| Untracked 
|  58|0x00000000e3a00000, 0x00000000e3a00000, 0x00000000e3b00000|  0%| F|  |TAMS 0x00000000e3a00000, 0x00000000e3a00000| Untracked 
|  59|0x00000000e3b00000, 0x00000000e3b00000, 0x00000000e3c00000|  0%| F|  |TAMS 0x00000000e3b00000, 0x00000000e3b00000| Untracked 
|  60|0x00000000e3c00000, 0x00000000e3c00000, 0x00000000e3d00000|  0%| F|  |TAMS 0x00000000e3c00000, 0x00000000e3c00000| Untracked 
|  61|0x00000000e3d00000, 0x00000000e3d00000, 0x00000000e3e00000|  0%| F|  |TAMS 0x00000000e3d00000, 0x00000000e3d00000| Untracked 
|  62|0x00000000e3e00000, 0x00000000e3e00000, 0x00000000e3f00000|  0%| F|  |TAMS 0x00000000e3e00000, 0x00000000e3e00000| Untracked 
|  63|0x00000000e3f00000, 0x00000000e3f00000, 0x00000000e4000000|  0%| F|  |TAMS 0x00000000e3f00000, 0x00000000e3f00000| Untracked 
|  64|0x00000000e4000000, 0x00000000e4000000, 0x00000000e4100000|  0%| F|  |TAMS 0x00000000e4000000, 0x00000000e4000000| Untracked 
|  65|0x00000000e4100000, 0x00000000e4100000, 0x00000000e4200000|  0%| F|  |TAMS 0x00000000e4100000, 0x00000000e4100000| Untracked 
|  66|0x00000000e4200000, 0x00000000e4200000, 0x00000000e4300000|  0%| F|  |TAMS 0x00000000e4200000, 0x00000000e4200000| Untracked 
|  67|0x00000000e4300000, 0x00000000e4300000, 0x00000000e4400000|  0%| F|  |TAMS 0x00000000e4300000, 0x00000000e4300000| Untracked 
|  68|0x00000000e4400000, 0x00000000e4400000, 0x00000000e4500000|  0%| F|  |TAMS 0x00000000e4400000, 0x00000000e4400000| Untracked 
|  69|0x00000000e4500000, 0x00000000e4500000, 0x00000000e4600000|  0%| F|  |TAMS 0x00000000e4500000, 0x00000000e4500000| Untracked 
|  70|0x00000000e4600000, 0x00000000e4600000, 0x00000000e4700000|  0%| F|  |TAMS 0x00000000e4600000, 0x00000000e4600000| Untracked 
|  71|0x00000000e4700000, 0x00000000e4700000, 0x00000000e4800000|  0%| F|  |TAMS 0x00000000e4700000, 0x00000000e4700000| Untracked 
|  72|0x00000000e4800000, 0x00000000e4800000, 0x00000000e4900000|  0%| F|  |TAMS 0x00000000e4800000, 0x00000000e4800000| Untracked 
|  73|0x00000000e4900000, 0x00000000e4900000, 0x00000000e4a00000|  0%| F|  |TAMS 0x00000000e4900000, 0x00000000e4900000| Untracked 
|  74|0x00000000e4a00000, 0x00000000e4a00000, 0x00000000e4b00000|  0%| F|  |TAMS 0x00000000e4a00000, 0x00000000e4a00000| Untracked 
|  75|0x00000000e4b00000, 0x00000000e4b00000, 0x00000000e4c00000|  0%| F|  |TAMS 0x00000000e4b00000, 0x00000000e4b00000| Untracked 
|  76|0x00000000e4c00000, 0x00000000e4c00000, 0x00000000e4d00000|  0%| F|  |TAMS 0x00000000e4c00000, 0x00000000e4c00000| Untracked 
|  77|0x00000000e4d00000, 0x00000000e4d00000, 0x00000000e4e00000|  0%| F|  |TAMS 0x00000000e4d00000, 0x00000000e4d00000| Untracked 
|  78|0x00000000e4e00000, 0x00000000e4e00000, 0x00000000e4f00000|  0%| F|  |TAMS 0x00000000e4e00000, 0x00000000e4e00000| Untracked 
|  79|0x00000000e4f00000, 0x00000000e4f00000, 0x00000000e5000000|  0%| F|  |TAMS 0x00000000e4f00000, 0x00000000e4f00000| Untracked 
|  80|0x00000000e5000000, 0x00000000e5000000, 0x00000000e5100000|  0%| F|  |TAMS 0x00000000e5000000, 0x00000000e5000000| Untracked 
|  81|0x00000000e5100000, 0x00000000e5100000, 0x00000000e5200000|  0%| F|  |TAMS 0x00000000e5100000, 0x00000000e5100000| Untracked 
|  82|0x00000000e5200000, 0x00000000e5200000, 0x00000000e5300000|  0%| F|  |TAMS 0x00000000e5200000, 0x00000000e5200000| Untracked 
|  83|0x00000000e5300000, 0x00000000e5300000, 0x00000000e5400000|  0%| F|  |TAMS 0x00000000e5300000, 0x00000000e5300000| Untracked 
|  84|0x00000000e5400000, 0x00000000e5400000, 0x00000000e5500000|  0%| F|  |TAMS 0x00000000e5400000, 0x00000000e5400000| Untracked 
|  85|0x00000000e5500000, 0x00000000e5500000, 0x00000000e5600000|  0%| F|  |TAMS 0x00000000e5500000, 0x00000000e5500000| Untracked 
|  86|0x00000000e5600000, 0x00000000e5600000, 0x00000000e5700000|  0%| F|  |TAMS 0x00000000e5600000, 0x00000000e5600000| Untracked 
|  87|0x00000000e5700000, 0x00000000e5700000, 0x00000000e5800000|  0%| F|  |TAMS 0x00000000e5700000, 0x00000000e5700000| Untracked 
|  88|0x00000000e5800000, 0x00000000e5800000, 0x00000000e5900000|  0%| F|  |TAMS 0x00000000e5800000, 0x00000000e5800000| Untracked 
|  89|0x00000000e5900000, 0x00000000e5900000, 0x00000000e5a00000|  0%| F|  |TAMS 0x00000000e5900000, 0x00000000e5900000| Untracked 
|  90|0x00000000e5a00000, 0x00000000e5a00000, 0x00000000e5b00000|  0%| F|  |TAMS 0x00000000e5a00000, 0x00000000e5a00000| Untracked 
|  91|0x00000000e5b00000, 0x00000000e5b00000, 0x00000000e5c00000|  0%| F|  |TAMS 0x00000000e5b00000, 0x00000000e5b00000| Untracked 
|  92|0x00000000e5c00000, 0x00000000e5c00000, 0x00000000e5d00000|  0%| F|  |TAMS 0x00000000e5c00000, 0x00000000e5c00000| Untracked 
|  93|0x00000000e5d00000, 0x00000000e5d00000, 0x00000000e5e00000|  0%| F|  |TAMS 0x00000000e5d00000, 0x00000000e5d00000| Untracked 
|  94|0x00000000e5e00000, 0x00000000e5e00000, 0x00000000e5f00000|  0%| F|  |TAMS 0x00000000e5e00000, 0x00000000e5e00000| Untracked 
|  95|0x00000000e5f00000, 0x00000000e5f00000, 0x00000000e6000000|  0%| F|  |TAMS 0x00000000e5f00000, 0x00000000e5f00000| Untracked 
|  96|0x00000000e6000000, 0x00000000e6000000, 0x00000000e6100000|  0%| F|  |TAMS 0x00000000e6000000, 0x00000000e6000000| Untracked 
|  97|0x00000000e6100000, 0x00000000e6100000, 0x00000000e6200000|  0%| F|  |TAMS 0x00000000e6100000, 0x00000000e6100000| Untracked 
|  98|0x00000000e6200000, 0x00000000e6200000, 0x00000000e6300000|  0%| F|  |TAMS 0x00000000e6200000, 0x00000000e6200000| Untracked 
|  99|0x00000000e6300000, 0x00000000e6300000, 0x00000000e6400000|  0%| F|  |TAMS 0x00000000e6300000, 0x00000000e6300000| Untracked 
| 100|0x00000000e6400000, 0x00000000e6400000, 0x00000000e6500000|  0%| F|  |TAMS 0x00000000e6400000, 0x00000000e6400000| Untracked 
| 101|0x00000000e6500000, 0x00000000e6500000, 0x00000000e6600000|  0%| F|  |TAMS 0x00000000e6500000, 0x00000000e6500000| Untracked 
| 102|0x00000000e6600000, 0x00000000e6600000, 0x00000000e6700000|  0%| F|  |TAMS 0x00000000e6600000, 0x00000000e6600000| Untracked 
| 103|0x00000000e6700000, 0x00000000e6700000, 0x00000000e6800000|  0%| F|  |TAMS 0x00000000e6700000, 0x00000000e6700000| Untracked 
| 104|0x00000000e6800000, 0x00000000e6800000, 0x00000000e6900000|  0%| F|  |TAMS 0x00000000e6800000, 0x00000000e6800000| Untracked 
| 105|0x00000000e6900000, 0x00000000e6900000, 0x00000000e6a00000|  0%| F|  |TAMS 0x00000000e6900000, 0x00000000e6900000| Untracked 
| 106|0x00000000e6a00000, 0x00000000e6a00000, 0x00000000e6b00000|  0%| F|  |TAMS 0x00000000e6a00000, 0x00000000e6a00000| Untracked 
| 107|0x00000000e6b00000, 0x00000000e6b00000, 0x00000000e6c00000|  0%| F|  |TAMS 0x00000000e6b00000, 0x00000000e6b00000| Untracked 
| 108|0x00000000e6c00000, 0x00000000e6c00000, 0x00000000e6d00000|  0%| F|  |TAMS 0x00000000e6c00000, 0x00000000e6c00000| Untracked 
| 109|0x00000000e6d00000, 0x00000000e6d00000, 0x00000000e6e00000|  0%| F|  |TAMS 0x00000000e6d00000, 0x00000000e6d00000| Untracked 
| 110|0x00000000e6e00000, 0x00000000e6e00000, 0x00000000e6f00000|  0%| F|  |TAMS 0x00000000e6e00000, 0x00000000e6e00000| Untracked 
| 111|0x00000000e6f00000, 0x00000000e6f00000, 0x00000000e7000000|  0%| F|  |TAMS 0x00000000e6f00000, 0x00000000e6f00000| Untracked 
| 112|0x00000000e7000000, 0x00000000e7000000, 0x00000000e7100000|  0%| F|  |TAMS 0x00000000e7000000, 0x00000000e7000000| Untracked 
| 113|0x00000000e7100000, 0x00000000e7100000, 0x00000000e7200000|  0%| F|  |TAMS 0x00000000e7100000, 0x00000000e7100000| Untracked 
| 114|0x00000000e7200000, 0x00000000e7200000, 0x00000000e7300000|  0%| F|  |TAMS 0x00000000e7200000, 0x00000000e7200000| Untracked 
| 115|0x00000000e7300000, 0x00000000e7300000, 0x00000000e7400000|  0%| F|  |TAMS 0x00000000e7300000, 0x00000000e7300000| Untracked 
| 116|0x00000000e7400000, 0x00000000e7400000, 0x00000000e7500000|  0%| F|  |TAMS 0x00000000e7400000, 0x00000000e7400000| Untracked 
| 117|0x00000000e7500000, 0x00000000e7500000, 0x00000000e7600000|  0%| F|  |TAMS 0x00000000e7500000, 0x00000000e7500000| Untracked 
| 118|0x00000000e7600000, 0x00000000e7600000, 0x00000000e7700000|  0%| F|  |TAMS 0x00000000e7600000, 0x00000000e7600000| Untracked 
| 119|0x00000000e7700000, 0x00000000e7700000, 0x00000000e7800000|  0%| F|  |TAMS 0x00000000e7700000, 0x00000000e7700000| Untracked 
| 120|0x00000000e7800000, 0x00000000e7800000, 0x00000000e7900000|  0%| F|  |TAMS 0x00000000e7800000, 0x00000000e7800000| Untracked 
| 121|0x00000000e7900000, 0x00000000e7900000, 0x00000000e7a00000|  0%| F|  |TAMS 0x00000000e7900000, 0x00000000e7900000| Untracked 
| 122|0x00000000e7a00000, 0x00000000e7a00000, 0x00000000e7b00000|  0%| F|  |TAMS 0x00000000e7a00000, 0x00000000e7a00000| Untracked 
| 123|0x00000000e7b00000, 0x00000000e7b00000, 0x00000000e7c00000|  0%| F|  |TAMS 0x00000000e7b00000, 0x00000000e7b00000| Untracked 
| 124|0x00000000e7c00000, 0x00000000e7c00000, 0x00000000e7d00000|  0%| F|  |TAMS 0x00000000e7c00000, 0x00000000e7c00000| Untracked 
| 125|0x00000000e7d00000, 0x00000000e7d00000, 0x00000000e7e00000|  0%| F|  |TAMS 0x00000000e7d00000, 0x00000000e7d00000| Untracked 
| 126|0x00000000e7e00000, 0x00000000e7e00000, 0x00000000e7f00000|  0%| F|  |TAMS 0x00000000e7e00000, 0x00000000e7e00000| Untracked 
| 127|0x00000000e7f00000, 0x00000000e7f00000, 0x00000000e8000000|  0%| F|  |TAMS 0x00000000e7f00000, 0x00000000e7f00000| Untracked 
| 128|0x00000000e8000000, 0x00000000e8000000, 0x00000000e8100000|  0%| F|  |TAMS 0x00000000e8000000, 0x00000000e8000000| Untracked 
| 129|0x00000000e8100000, 0x00000000e8100000, 0x00000000e8200000|  0%| F|  |TAMS 0x00000000e8100000, 0x00000000e8100000| Untracked 
| 130|0x00000000e8200000, 0x00000000e8200000, 0x00000000e8300000|  0%| F|  |TAMS 0x00000000e8200000, 0x00000000e8200000| Untracked 
| 131|0x00000000e8300000, 0x00000000e8300000, 0x00000000e8400000|  0%| F|  |TAMS 0x00000000e8300000, 0x00000000e8300000| Untracked 
| 132|0x00000000e8400000, 0x00000000e8400000, 0x00000000e8500000|  0%| F|  |TAMS 0x00000000e8400000, 0x00000000e8400000| Untracked 
| 133|0x00000000e8500000, 0x00000000e8500000, 0x00000000e8600000|  0%| F|  |TAMS 0x00000000e8500000, 0x00000000e8500000| Untracked 
| 134|0x00000000e8600000, 0x00000000e8600000, 0x00000000e8700000|  0%| F|  |TAMS 0x00000000e8600000, 0x00000000e8600000| Untracked 
| 135|0x00000000e8700000, 0x00000000e8700000, 0x00000000e8800000|  0%| F|  |TAMS 0x00000000e8700000, 0x00000000e8700000| Untracked 
| 136|0x00000000e8800000, 0x00000000e8800000, 0x00000000e8900000|  0%| F|  |TAMS 0x00000000e8800000, 0x00000000e8800000| Untracked 
| 137|0x00000000e8900000, 0x00000000e8900000, 0x00000000e8a00000|  0%| F|  |TAMS 0x00000000e8900000, 0x00000000e8900000| Untracked 
| 138|0x00000000e8a00000, 0x00000000e8a00000, 0x00000000e8b00000|  0%| F|  |TAMS 0x00000000e8a00000, 0x00000000e8a00000| Untracked 
| 139|0x00000000e8b00000, 0x00000000e8b00000, 0x00000000e8c00000|  0%| F|  |TAMS 0x00000000e8b00000, 0x00000000e8b00000| Untracked 
| 140|0x00000000e8c00000, 0x00000000e8c00000, 0x00000000e8d00000|  0%| F|  |TAMS 0x00000000e8c00000, 0x00000000e8c00000| Untracked 
| 141|0x00000000e8d00000, 0x00000000e8d00000, 0x00000000e8e00000|  0%| F|  |TAMS 0x00000000e8d00000, 0x00000000e8d00000| Untracked 
| 142|0x00000000e8e00000, 0x00000000e8e00000, 0x00000000e8f00000|  0%| F|  |TAMS 0x00000000e8e00000, 0x00000000e8e00000| Untracked 
| 143|0x00000000e8f00000, 0x00000000e8f00000, 0x00000000e9000000|  0%| F|  |TAMS 0x00000000e8f00000, 0x00000000e8f00000| Untracked 
| 144|0x00000000e9000000, 0x00000000e9000000, 0x00000000e9100000|  0%| F|  |TAMS 0x00000000e9000000, 0x00000000e9000000| Untracked 
| 145|0x00000000e9100000, 0x00000000e9100000, 0x00000000e9200000|  0%| F|  |TAMS 0x00000000e9100000, 0x00000000e9100000| Untracked 
| 146|0x00000000e9200000, 0x00000000e9200000, 0x00000000e9300000|  0%| F|  |TAMS 0x00000000e9200000, 0x00000000e9200000| Untracked 
| 147|0x00000000e9300000, 0x00000000e9300000, 0x00000000e9400000|  0%| F|  |TAMS 0x00000000e9300000, 0x00000000e9300000| Untracked 
| 148|0x00000000e9400000, 0x00000000e9400000, 0x00000000e9500000|  0%| F|  |TAMS 0x00000000e9400000, 0x00000000e9400000| Untracked 
| 149|0x00000000e9500000, 0x00000000e9500000, 0x00000000e9600000|  0%| F|  |TAMS 0x00000000e9500000, 0x00000000e9500000| Untracked 
| 150|0x00000000e9600000, 0x00000000e9600000, 0x00000000e9700000|  0%| F|  |TAMS 0x00000000e9600000, 0x00000000e9600000| Untracked 
| 151|0x00000000e9700000, 0x00000000e9700000, 0x00000000e9800000|  0%| F|  |TAMS 0x00000000e9700000, 0x00000000e9700000| Untracked 
| 152|0x00000000e9800000, 0x00000000e9800000, 0x00000000e9900000|  0%| F|  |TAMS 0x00000000e9800000, 0x00000000e9800000| Untracked 
| 153|0x00000000e9900000, 0x00000000e9900000, 0x00000000e9a00000|  0%| F|  |TAMS 0x00000000e9900000, 0x00000000e9900000| Untracked 
| 154|0x00000000e9a00000, 0x00000000e9a00000, 0x00000000e9b00000|  0%| F|  |TAMS 0x00000000e9a00000, 0x00000000e9a00000| Untracked 
| 155|0x00000000e9b00000, 0x00000000e9b00000, 0x00000000e9c00000|  0%| F|  |TAMS 0x00000000e9b00000, 0x00000000e9b00000| Untracked 
| 156|0x00000000e9c00000, 0x00000000e9c00000, 0x00000000e9d00000|  0%| F|  |TAMS 0x00000000e9c00000, 0x00000000e9c00000| Untracked 
| 157|0x00000000e9d00000, 0x00000000e9d00000, 0x00000000e9e00000|  0%| F|  |TAMS 0x00000000e9d00000, 0x00000000e9d00000| Untracked 
| 158|0x00000000e9e00000, 0x00000000e9e00000, 0x00000000e9f00000|  0%| F|  |TAMS 0x00000000e9e00000, 0x00000000e9e00000| Untracked 
| 159|0x00000000e9f00000, 0x00000000e9f00000, 0x00000000ea000000|  0%| F|  |TAMS 0x00000000e9f00000, 0x00000000e9f00000| Untracked 
| 160|0x00000000ea000000, 0x00000000ea000000, 0x00000000ea100000|  0%| F|  |TAMS 0x00000000ea000000, 0x00000000ea000000| Untracked 
| 161|0x00000000ea100000, 0x00000000ea100000, 0x00000000ea200000|  0%| F|  |TAMS 0x00000000ea100000, 0x00000000ea100000| Untracked 
| 162|0x00000000ea200000, 0x00000000ea200000, 0x00000000ea300000|  0%| F|  |TAMS 0x00000000ea200000, 0x00000000ea200000| Untracked 
| 163|0x00000000ea300000, 0x00000000ea300000, 0x00000000ea400000|  0%| F|  |TAMS 0x00000000ea300000, 0x00000000ea300000| Untracked 
| 164|0x00000000ea400000, 0x00000000ea400000, 0x00000000ea500000|  0%| F|  |TAMS 0x00000000ea400000, 0x00000000ea400000| Untracked 
| 165|0x00000000ea500000, 0x00000000ea500000, 0x00000000ea600000|  0%| F|  |TAMS 0x00000000ea500000, 0x00000000ea500000| Untracked 
| 166|0x00000000ea600000, 0x00000000ea600000, 0x00000000ea700000|  0%| F|  |TAMS 0x00000000ea600000, 0x00000000ea600000| Untracked 
| 167|0x00000000ea700000, 0x00000000ea700000, 0x00000000ea800000|  0%| F|  |TAMS 0x00000000ea700000, 0x00000000ea700000| Untracked 
| 168|0x00000000ea800000, 0x00000000ea800000, 0x00000000ea900000|  0%| F|  |TAMS 0x00000000ea800000, 0x00000000ea800000| Untracked 
| 169|0x00000000ea900000, 0x00000000ea900000, 0x00000000eaa00000|  0%| F|  |TAMS 0x00000000ea900000, 0x00000000ea900000| Untracked 
| 170|0x00000000eaa00000, 0x00000000eaa00000, 0x00000000eab00000|  0%| F|  |TAMS 0x00000000eaa00000, 0x00000000eaa00000| Untracked 
| 171|0x00000000eab00000, 0x00000000eab00000, 0x00000000eac00000|  0%| F|  |TAMS 0x00000000eab00000, 0x00000000eab00000| Untracked 
| 172|0x00000000eac00000, 0x00000000eac00000, 0x00000000ead00000|  0%| F|  |TAMS 0x00000000eac00000, 0x00000000eac00000| Untracked 
| 173|0x00000000ead00000, 0x00000000ead00000, 0x00000000eae00000|  0%| F|  |TAMS 0x00000000ead00000, 0x00000000ead00000| Untracked 
| 174|0x00000000eae00000, 0x00000000eae00000, 0x00000000eaf00000|  0%| F|  |TAMS 0x00000000eae00000, 0x00000000eae00000| Untracked 
| 175|0x00000000eaf00000, 0x00000000eaf00000, 0x00000000eb000000|  0%| F|  |TAMS 0x00000000eaf00000, 0x00000000eaf00000| Untracked 
| 176|0x00000000eb000000, 0x00000000eb000000, 0x00000000eb100000|  0%| F|  |TAMS 0x00000000eb000000, 0x00000000eb000000| Untracked 
| 177|0x00000000eb100000, 0x00000000eb100000, 0x00000000eb200000|  0%| F|  |TAMS 0x00000000eb100000, 0x00000000eb100000| Untracked 
| 178|0x00000000eb200000, 0x00000000eb200000, 0x00000000eb300000|  0%| F|  |TAMS 0x00000000eb200000, 0x00000000eb200000| Untracked 
| 179|0x00000000eb300000, 0x00000000eb300000, 0x00000000eb400000|  0%| F|  |TAMS 0x00000000eb300000, 0x00000000eb300000| Untracked 
| 180|0x00000000eb400000, 0x00000000eb400000, 0x00000000eb500000|  0%| F|  |TAMS 0x00000000eb400000, 0x00000000eb400000| Untracked 
| 181|0x00000000eb500000, 0x00000000eb500000, 0x00000000eb600000|  0%| F|  |TAMS 0x00000000eb500000, 0x00000000eb500000| Untracked 
| 182|0x00000000eb600000, 0x00000000eb600000, 0x00000000eb700000|  0%| F|  |TAMS 0x00000000eb600000, 0x00000000eb600000| Untracked 
| 183|0x00000000eb700000, 0x00000000eb700000, 0x00000000eb800000|  0%| F|  |TAMS 0x00000000eb700000, 0x00000000eb700000| Untracked 
| 184|0x00000000eb800000, 0x00000000eb800000, 0x00000000eb900000|  0%| F|  |TAMS 0x00000000eb800000, 0x00000000eb800000| Untracked 
| 185|0x00000000eb900000, 0x00000000eb900000, 0x00000000eba00000|  0%| F|  |TAMS 0x00000000eb900000, 0x00000000eb900000| Untracked 
| 186|0x00000000eba00000, 0x00000000eba00000, 0x00000000ebb00000|  0%| F|  |TAMS 0x00000000eba00000, 0x00000000eba00000| Untracked 
| 187|0x00000000ebb00000, 0x00000000ebb00000, 0x00000000ebc00000|  0%| F|  |TAMS 0x00000000ebb00000, 0x00000000ebb00000| Untracked 
| 188|0x00000000ebc00000, 0x00000000ebc00000, 0x00000000ebd00000|  0%| F|  |TAMS 0x00000000ebc00000, 0x00000000ebc00000| Untracked 
| 189|0x00000000ebd00000, 0x00000000ebd00000, 0x00000000ebe00000|  0%| F|  |TAMS 0x00000000ebd00000, 0x00000000ebd00000| Untracked 
| 190|0x00000000ebe00000, 0x00000000ebe00000, 0x00000000ebf00000|  0%| F|  |TAMS 0x00000000ebe00000, 0x00000000ebe00000| Untracked 
| 191|0x00000000ebf00000, 0x00000000ebf00000, 0x00000000ec000000|  0%| F|  |TAMS 0x00000000ebf00000, 0x00000000ebf00000| Untracked 
| 192|0x00000000ec000000, 0x00000000ec000000, 0x00000000ec100000|  0%| F|  |TAMS 0x00000000ec000000, 0x00000000ec000000| Untracked 
| 193|0x00000000ec100000, 0x00000000ec100000, 0x00000000ec200000|  0%| F|  |TAMS 0x00000000ec100000, 0x00000000ec100000| Untracked 
| 194|0x00000000ec200000, 0x00000000ec200000, 0x00000000ec300000|  0%| F|  |TAMS 0x00000000ec200000, 0x00000000ec200000| Untracked 
| 195|0x00000000ec300000, 0x00000000ec300000, 0x00000000ec400000|  0%| F|  |TAMS 0x00000000ec300000, 0x00000000ec300000| Untracked 
| 196|0x00000000ec400000, 0x00000000ec400000, 0x00000000ec500000|  0%| F|  |TAMS 0x00000000ec400000, 0x00000000ec400000| Untracked 
| 197|0x00000000ec500000, 0x00000000ec500000, 0x00000000ec600000|  0%| F|  |TAMS 0x00000000ec500000, 0x00000000ec500000| Untracked 
| 198|0x00000000ec600000, 0x00000000ec600000, 0x00000000ec700000|  0%| F|  |TAMS 0x00000000ec600000, 0x00000000ec600000| Untracked 
| 199|0x00000000ec700000, 0x00000000ec700000, 0x00000000ec800000|  0%| F|  |TAMS 0x00000000ec700000, 0x00000000ec700000| Untracked 
| 200|0x00000000ec800000, 0x00000000ec800000, 0x00000000ec900000|  0%| F|  |TAMS 0x00000000ec800000, 0x00000000ec800000| Untracked 
| 201|0x00000000ec900000, 0x00000000eca00000, 0x00000000eca00000|100%| E|  |TAMS 0x00000000ec900000, 0x00000000ec900000| Complete 
| 202|0x00000000eca00000, 0x00000000ecb00000, 0x00000000ecb00000|100%| E|CS|TAMS 0x00000000eca00000, 0x00000000eca00000| Complete 
| 203|0x00000000ecb00000, 0x00000000ecc00000, 0x00000000ecc00000|100%| E|CS|TAMS 0x00000000ecb00000, 0x00000000ecb00000| Complete 
| 204|0x00000000ecc00000, 0x00000000ecd00000, 0x00000000ecd00000|100%| E|CS|TAMS 0x00000000ecc00000, 0x00000000ecc00000| Complete 
| 205|0x00000000ecd00000, 0x00000000ece00000, 0x00000000ece00000|100%| E|CS|TAMS 0x00000000ecd00000, 0x00000000ecd00000| Complete 
| 206|0x00000000ece00000, 0x00000000ecf00000, 0x00000000ecf00000|100%| E|CS|TAMS 0x00000000ece00000, 0x00000000ece00000| Complete 
| 207|0x00000000ecf00000, 0x00000000ed000000, 0x00000000ed000000|100%| E|CS|TAMS 0x00000000ecf00000, 0x00000000ecf00000| Complete 
| 208|0x00000000ed000000, 0x00000000ed100000, 0x00000000ed100000|100%| E|CS|TAMS 0x00000000ed000000, 0x00000000ed000000| Complete 
| 209|0x00000000ed100000, 0x00000000ed200000, 0x00000000ed200000|100%| E|CS|TAMS 0x00000000ed100000, 0x00000000ed100000| Complete 
| 210|0x00000000ed200000, 0x00000000ed300000, 0x00000000ed300000|100%| E|CS|TAMS 0x00000000ed200000, 0x00000000ed200000| Complete 
| 211|0x00000000ed300000, 0x00000000ed400000, 0x00000000ed400000|100%| E|CS|TAMS 0x00000000ed300000, 0x00000000ed300000| Complete 
| 212|0x00000000ed400000, 0x00000000ed500000, 0x00000000ed500000|100%| E|CS|TAMS 0x00000000ed400000, 0x00000000ed400000| Complete 
| 213|0x00000000ed500000, 0x00000000ed600000, 0x00000000ed600000|100%| E|CS|TAMS 0x00000000ed500000, 0x00000000ed500000| Complete 
| 214|0x00000000ed600000, 0x00000000ed700000, 0x00000000ed700000|100%| E|CS|TAMS 0x00000000ed600000, 0x00000000ed600000| Complete 
| 215|0x00000000ed700000, 0x00000000ed800000, 0x00000000ed800000|100%| E|CS|TAMS 0x00000000ed700000, 0x00000000ed700000| Complete 
| 216|0x00000000ed800000, 0x00000000ed900000, 0x00000000ed900000|100%| E|CS|TAMS 0x00000000ed800000, 0x00000000ed800000| Complete 
| 217|0x00000000ed900000, 0x00000000eda00000, 0x00000000eda00000|100%| E|CS|TAMS 0x00000000ed900000, 0x00000000ed900000| Complete 
| 218|0x00000000eda00000, 0x00000000edb00000, 0x00000000edb00000|100%| E|CS|TAMS 0x00000000eda00000, 0x00000000eda00000| Complete 
| 219|0x00000000edb00000, 0x00000000edc00000, 0x00000000edc00000|100%| E|CS|TAMS 0x00000000edb00000, 0x00000000edb00000| Complete 
| 220|0x00000000edc00000, 0x00000000edd00000, 0x00000000edd00000|100%| E|CS|TAMS 0x00000000edc00000, 0x00000000edc00000| Complete 
| 221|0x00000000edd00000, 0x00000000ede00000, 0x00000000ede00000|100%| E|CS|TAMS 0x00000000edd00000, 0x00000000edd00000| Complete 
| 222|0x00000000ede00000, 0x00000000edf00000, 0x00000000edf00000|100%| E|CS|TAMS 0x00000000ede00000, 0x00000000ede00000| Complete 
| 223|0x00000000edf00000, 0x00000000ee000000, 0x00000000ee000000|100%| E|CS|TAMS 0x00000000edf00000, 0x00000000edf00000| Complete 
| 224|0x00000000ee000000, 0x00000000ee100000, 0x00000000ee100000|100%| E|CS|TAMS 0x00000000ee000000, 0x00000000ee000000| Complete 
| 225|0x00000000ee100000, 0x00000000ee200000, 0x00000000ee200000|100%| E|CS|TAMS 0x00000000ee100000, 0x00000000ee100000| Complete 
| 226|0x00000000ee200000, 0x00000000ee300000, 0x00000000ee300000|100%| E|CS|TAMS 0x00000000ee200000, 0x00000000ee200000| Complete 
| 227|0x00000000ee300000, 0x00000000ee400000, 0x00000000ee400000|100%| E|CS|TAMS 0x00000000ee300000, 0x00000000ee300000| Complete 
| 228|0x00000000ee400000, 0x00000000ee500000, 0x00000000ee500000|100%| E|CS|TAMS 0x00000000ee400000, 0x00000000ee400000| Complete 
| 229|0x00000000ee500000, 0x00000000ee600000, 0x00000000ee600000|100%| S|CS|TAMS 0x00000000ee500000, 0x00000000ee500000| Complete 
| 230|0x00000000ee600000, 0x00000000ee700000, 0x00000000ee700000|100%| S|CS|TAMS 0x00000000ee600000, 0x00000000ee600000| Complete 
| 231|0x00000000ee700000, 0x00000000ee800000, 0x00000000ee800000|100%| S|CS|TAMS 0x00000000ee700000, 0x00000000ee700000| Complete 
| 232|0x00000000ee800000, 0x00000000ee900000, 0x00000000ee900000|100%| E|CS|TAMS 0x00000000ee800000, 0x00000000ee800000| Complete 
| 233|0x00000000ee900000, 0x00000000eea00000, 0x00000000eea00000|100%| E|CS|TAMS 0x00000000ee900000, 0x00000000ee900000| Complete 
| 234|0x00000000eea00000, 0x00000000eeb00000, 0x00000000eeb00000|100%| E|CS|TAMS 0x00000000eea00000, 0x00000000eea00000| Complete 
| 235|0x00000000eeb00000, 0x00000000eec00000, 0x00000000eec00000|100%| E|CS|TAMS 0x00000000eeb00000, 0x00000000eeb00000| Complete 
| 236|0x00000000eec00000, 0x00000000eed00000, 0x00000000eed00000|100%| E|CS|TAMS 0x00000000eec00000, 0x00000000eec00000| Complete 
| 237|0x00000000eed00000, 0x00000000eee00000, 0x00000000eee00000|100%| E|CS|TAMS 0x00000000eed00000, 0x00000000eed00000| Complete 
| 238|0x00000000eee00000, 0x00000000eef00000, 0x00000000eef00000|100%| E|CS|TAMS 0x00000000eee00000, 0x00000000eee00000| Complete 
| 239|0x00000000eef00000, 0x00000000ef000000, 0x00000000ef000000|100%| E|CS|TAMS 0x00000000eef00000, 0x00000000eef00000| Complete 
| 240|0x00000000ef000000, 0x00000000ef100000, 0x00000000ef100000|100%| E|CS|TAMS 0x00000000ef000000, 0x00000000ef000000| Complete 
| 241|0x00000000ef100000, 0x00000000ef200000, 0x00000000ef200000|100%| E|CS|TAMS 0x00000000ef100000, 0x00000000ef100000| Complete 
| 242|0x00000000ef200000, 0x00000000ef300000, 0x00000000ef300000|100%| E|CS|TAMS 0x00000000ef200000, 0x00000000ef200000| Complete 
| 243|0x00000000ef300000, 0x00000000ef400000, 0x00000000ef400000|100%| E|CS|TAMS 0x00000000ef300000, 0x00000000ef300000| Complete 
| 244|0x00000000ef400000, 0x00000000ef500000, 0x00000000ef500000|100%| E|CS|TAMS 0x00000000ef400000, 0x00000000ef400000| Complete 
| 245|0x00000000ef500000, 0x00000000ef600000, 0x00000000ef600000|100%| E|CS|TAMS 0x00000000ef500000, 0x00000000ef500000| Complete 
| 246|0x00000000ef600000, 0x00000000ef700000, 0x00000000ef700000|100%| E|CS|TAMS 0x00000000ef600000, 0x00000000ef600000| Complete 
| 247|0x00000000ef700000, 0x00000000ef800000, 0x00000000ef800000|100%| E|CS|TAMS 0x00000000ef700000, 0x00000000ef700000| Complete 
| 248|0x00000000ef800000, 0x00000000ef900000, 0x00000000ef900000|100%| E|CS|TAMS 0x00000000ef800000, 0x00000000ef800000| Complete 
| 249|0x00000000ef900000, 0x00000000efa00000, 0x00000000efa00000|100%| E|CS|TAMS 0x00000000ef900000, 0x00000000ef900000| Complete 
| 250|0x00000000efa00000, 0x00000000efb00000, 0x00000000efb00000|100%| E|CS|TAMS 0x00000000efa00000, 0x00000000efa00000| Complete 
| 251|0x00000000efb00000, 0x00000000efc00000, 0x00000000efc00000|100%| E|CS|TAMS 0x00000000efb00000, 0x00000000efb00000| Complete 
| 252|0x00000000efc00000, 0x00000000efd00000, 0x00000000efd00000|100%| E|CS|TAMS 0x00000000efc00000, 0x00000000efc00000| Complete 
| 253|0x00000000efd00000, 0x00000000efe00000, 0x00000000efe00000|100%| E|CS|TAMS 0x00000000efd00000, 0x00000000efd00000| Complete 
| 254|0x00000000efe00000, 0x00000000eff00000, 0x00000000eff00000|100%| E|CS|TAMS 0x00000000efe00000, 0x00000000efe00000| Complete 
| 255|0x00000000eff00000, 0x00000000f0000000, 0x00000000f0000000|100%| E|CS|TAMS 0x00000000eff00000, 0x00000000eff00000| Complete 

Card table byte_map: [0x00000226ade80000,0x00000226adf80000] _byte_map_base: 0x00000226ad780000

Marking Bits (Prev, Next): (CMBitMap*) 0x0000022694536c38, (CMBitMap*) 0x0000022694536c78
 Prev Bits: [0x00000226ae080000, 0x00000226ae880000)
 Next Bits: [0x00000226ae880000, 0x00000226af080000)

Polling page: 0x0000022694380000

Metaspace:

Usage:
  Non-class:     10.25 MB capacity,    10.07 MB ( 98%) used,   168.34 KB (  2%) free+waste,    18.00 KB ( <1%) overhead. 
      Class:      1.29 MB capacity,     1.21 MB ( 94%) used,    71.20 KB (  5%) free+waste,     9.13 KB ( <1%) overhead. 
       Both:     11.54 MB capacity,    11.27 MB ( 98%) used,   239.54 KB (  2%) free+waste,    27.13 KB ( <1%) overhead. 

Virtual space:
  Non-class space:       14.00 MB reserved,      10.25 MB ( 73%) committed 
      Class space:        1.00 GB reserved,       1.38 MB ( <1%) committed 
             Both:        1.01 GB reserved,      11.63 MB (  1%) committed 

Chunk freelists:
   Non-Class:  2.00 KB
       Class:  26.00 KB
        Both:  28.00 KB

MaxMetaspaceSize: 17179869184.00 GB
CompressedClassSpaceSize: 1.00 GB

CodeHeap 'non-profiled nmethods': size=120000Kb used=781Kb max_used=781Kb free=119218Kb
 bounds [0x00000226a5c90000, 0x00000226a5f00000, 0x00000226ad1c0000]
CodeHeap 'profiled nmethods': size=120000Kb used=3723Kb max_used=3723Kb free=116276Kb
 bounds [0x000002269e760000, 0x000002269eb10000, 0x00000226a5c90000]
CodeHeap 'non-nmethods': size=5760Kb used=1189Kb max_used=1210Kb free=4570Kb
 bounds [0x000002269e1c0000, 0x000002269e430000, 0x000002269e760000]
 total_blobs=2819 nmethods=1650 adapters=354
 compilation: enabled
              stopped_count=0, restarted_count=0
 full_count=0

Compilation events (20 events):
Event: 1.522 Thread 0x00000226b235d800 1595       3       java.lang.Character::isLetterOrDigit (19 bytes)
Event: 1.522 Thread 0x00000226b235d800 nmethod 1595 0x000002269ead7b90 code [0x000002269ead7d60, 0x000002269ead8080]
Event: 1.522 Thread 0x00000226b235d800 1582       3       org.aspectj.apache.bcel.classfile.annotation.RuntimeAnnos::getAnnotations (16 bytes)
Event: 1.523 Thread 0x00000226b2539800 nmethod 1578 0x00000226a5d4e690 code [0x00000226a5d4e820, 0x00000226a5d4e8d8]
Event: 1.523 Thread 0x00000226b235d800 nmethod 1582 0x000002269ead8190 code [0x000002269ead8340, 0x000002269ead8550]
Event: 1.523 Thread 0x00000226b2539800 1581       4       java.util.ArrayList::add (25 bytes)
Event: 1.523 Thread 0x00000226b235d800 1587       1       org.aspectj.weaver.bcel.Range::getStart (5 bytes)
Event: 1.523 Thread 0x00000226b235d800 nmethod 1587 0x00000226a5d4ea10 code [0x00000226a5d4eba0, 0x00000226a5d4ecd8]
Event: 1.523 Thread 0x00000226b235d800 1598       1       org.aspectj.weaver.bcel.BcelObjectType::getWeaverState (5 bytes)
Event: 1.523 Thread 0x00000226b235d800 nmethod 1598 0x00000226a5d4ed90 code [0x00000226a5d4ef20, 0x00000226a5d4f058]
Event: 1.523 Thread 0x00000226b235d800 1604       1       java.net.JarURLConnection::getJarFileURL (5 bytes)
Event: 1.523 Thread 0x00000226b235d800 nmethod 1604 0x00000226a5d4f110 code [0x00000226a5d4f2a0, 0x00000226a5d4f3d8]
Event: 1.523 Thread 0x00000226b235d800 1605       3       java.util.Vector::elementData (7 bytes)
Event: 1.523 Thread 0x00000226b235d800 nmethod 1605 0x000002269ead8610 code [0x000002269ead87c0, 0x000002269ead8978]
Event: 1.524 Thread 0x00000226b235d800 1606       3       org.aspectj.weaver.tools.WeavingAdaptor$WeavingClassFileProvider::getClassFileIterator (10 bytes)
Event: 1.524 Thread 0x00000226b235d800 nmethod 1606 0x000002269ead8a90 code [0x000002269ead8c40, 0x000002269ead8e90]
Event: 1.524 Thread 0x00000226b235d800 1608       3       org.aspectj.weaver.ResolvedType::getDirectSupertypes (25 bytes)
Event: 1.525 Thread 0x00000226b235d800 nmethod 1608 0x000002269ead8f90 code [0x000002269ead91a0, 0x000002269ead98b0]
Event: 1.525 Thread 0x00000226b235d800 1607       3       org.aspectj.weaver.World::resolve (11 bytes)
Event: 1.525 Thread 0x00000226b235d800 nmethod 1607 0x000002269ead9a90 code [0x000002269ead9c60, 0x000002269eada070]

GC Heap History (2 events):
Event: 0.415 GC heap before
{Heap before GC invocations=0 (full 0):
 garbage-first heap   total 262144K, used 23552K [0x00000000e0000000, 0x0000000100000000)
  region size 1024K, 24 young (24576K), 0 survivors (0K)
 Metaspace       used 3265K, capacity 5615K, committed 5760K, reserved 1056768K
  class space    used 307K, capacity 531K, committed 640K, reserved 1048576K
}
Event: 0.419 GC heap after
{Heap after GC invocations=1 (full 0):
 garbage-first heap   total 262144K, used 5693K [0x00000000e0000000, 0x0000000100000000)
  region size 1024K, 3 young (3072K), 3 survivors (3072K)
 Metaspace       used 3265K, capacity 5615K, committed 5760K, reserved 1056768K
  class space    used 307K, capacity 531K, committed 640K, reserved 1048576K
}

Deoptimization events (20 events):
Event: 1.382 Thread 0x00000226b3845800 Uncommon trap: trap_request=0xffffffc6 fr.pc=0x00000226a5d27764 relative=0x0000000000000bc4
Event: 1.382 Thread 0x00000226b3845800 Uncommon trap: reason=bimorphic_or_optimized_type_check action=maybe_recompile pc=0x00000226a5d27764 method=java.io.BufferedInputStream.read([BII)I @ 101 c2
Event: 1.382 Thread 0x00000226b3845800 DEOPT PACKING pc=0x00000226a5d27764 sp=0x000000c3d99f9490
Event: 1.382 Thread 0x00000226b3845800 DEOPT UNPACKING pc=0x000002269e20912f sp=0x000000c3d99f9468 mode 2
Event: 1.394 Thread 0x00000226b3845800 DEOPT PACKING pc=0x000002269e774a5b sp=0x000000c3d99f94f0
Event: 1.394 Thread 0x00000226b3845800 DEOPT UNPACKING pc=0x000002269e20964e sp=0x000000c3d99f8a30 mode 0
Event: 1.396 Thread 0x00000226b3845800 Uncommon trap: trap_request=0xffffffc6 fr.pc=0x00000226a5d27764 relative=0x0000000000000bc4
Event: 1.397 Thread 0x00000226b3845800 Uncommon trap: reason=bimorphic_or_optimized_type_check action=maybe_recompile pc=0x00000226a5d27764 method=java.io.BufferedInputStream.read([BII)I @ 101 c2
Event: 1.398 Thread 0x00000226b3845800 DEOPT PACKING pc=0x00000226a5d27764 sp=0x000000c3d99f9790
Event: 1.398 Thread 0x00000226b3845800 DEOPT UNPACKING pc=0x000002269e20912f sp=0x000000c3d99f9768 mode 2
Event: 1.398 Thread 0x00000226b3845800 Uncommon trap: trap_request=0xffffffc6 fr.pc=0x00000226a5d27764 relative=0x0000000000000bc4
Event: 1.398 Thread 0x00000226b3845800 Uncommon trap: reason=bimorphic_or_optimized_type_check action=maybe_recompile pc=0x00000226a5d27764 method=java.io.BufferedInputStream.read([BII)I @ 101 c2
Event: 1.398 Thread 0x00000226b3845800 DEOPT PACKING pc=0x00000226a5d27764 sp=0x000000c3d99f91d0
Event: 1.398 Thread 0x00000226b3845800 DEOPT UNPACKING pc=0x000002269e20912f sp=0x000000c3d99f91a8 mode 2
Event: 1.460 Thread 0x00000226b3845800 Uncommon trap: trap_request=0xffffff45 fr.pc=0x00000226a5cfb654 relative=0x0000000000000dd4
Event: 1.460 Thread 0x00000226b3845800 Uncommon trap: reason=unstable_if action=reinterpret pc=0x00000226a5cfb654 method=org.aspectj.apache.bcel.classfile.Constant.readConstant(Ljava/io/DataInputStream;)Lorg/aspectj/apache/bcel/classfile/Constant; @ 6 c2
Event: 1.460 Thread 0x00000226b3845800 DEOPT PACKING pc=0x00000226a5cfb654 sp=0x000000c3d99f9000
Event: 1.460 Thread 0x00000226b3845800 DEOPT UNPACKING pc=0x000002269e20912f sp=0x000000c3d99f8fd0 mode 2
Event: 1.489 Thread 0x00000226b3845800 DEOPT PACKING pc=0x000002269e774a5b sp=0x000000c3d99f92c0
Event: 1.489 Thread 0x00000226b3845800 DEOPT UNPACKING pc=0x000002269e20964e sp=0x000000c3d99f8800 mode 0

Classes unloaded (0 events):
No events

Classes redefined (0 events):
No events

Internal exceptions (18 events):
Event: 0.271 Thread 0x000002269450e000 Exception <a 'java/lang/NoSuchMethodError'{0x00000000ef177bb0}: 'int java.lang.invoke.DirectMethodHandle$Holder.invokeSpecialIFC(java.lang.Object, java.lang.Object, int)'> (0x00000000ef177bb0) 
thrown [t:/workspace/open/src/hotspot/share/interpreter/linkResolver.cpp, line 767]
Event: 0.559 Thread 0x000002269450e000 Exception <a 'java/lang/ArrayIndexOutOfBoundsException'{0x00000000eef04d88}: Index 21 out of bounds for length 21> (0x00000000eef04d88) 
thrown [t:/workspace/open/src/hotspot/share/interpreter/interpreterRuntime.cpp, line 458]
Event: 0.559 Thread 0x000002269450e000 Exception <a 'java/lang/ArrayIndexOutOfBoundsException'{0x00000000eef053a0}: Index 21 out of bounds for length 21> (0x00000000eef053a0) 
thrown [t:/workspace/open/src/hotspot/share/interpreter/interpreterRuntime.cpp, line 458]
Event: 0.559 Thread 0x000002269450e000 Exception <a 'java/lang/ArrayIndexOutOfBoundsException'{0x00000000eef05968}: Index 21 out of bounds for length 21> (0x00000000eef05968) 
thrown [t:/workspace/open/src/hotspot/share/interpreter/interpreterRuntime.cpp, line 458]
Event: 0.569 Thread 0x000002269450e000 Exception <a 'java/lang/ArrayIndexOutOfBoundsException'{0x00000000eefd0be8}: Index 11 out of bounds for length 11> (0x00000000eefd0be8) 
thrown [t:/workspace/open/src/hotspot/share/interpreter/interpreterRuntime.cpp, line 458]
Event: 0.569 Thread 0x000002269450e000 Exception <a 'java/lang/ArrayIndexOutOfBoundsException'{0x00000000eefd11b0}: Index 11 out of bounds for length 11> (0x00000000eefd11b0) 
thrown [t:/workspace/open/src/hotspot/share/interpreter/interpreterRuntime.cpp, line 458]
Event: 0.569 Thread 0x000002269450e000 Exception <a 'java/lang/ArrayIndexOutOfBoundsException'{0x00000000eefd1778}: Index 11 out of bounds for length 11> (0x00000000eefd1778) 
thrown [t:/workspace/open/src/hotspot/share/interpreter/interpreterRuntime.cpp, line 458]
Event: 0.569 Thread 0x000002269450e000 Exception <a 'java/lang/ArrayIndexOutOfBoundsException'{0x00000000eefd2bf8}: Index 9 out of bounds for length 9> (0x00000000eefd2bf8) 
thrown [t:/workspace/open/src/hotspot/share/interpreter/interpreterRuntime.cpp, line 458]
Event: 0.569 Thread 0x000002269450e000 Exception <a 'java/lang/ArrayIndexOutOfBoundsException'{0x00000000eefd31c0}: Index 9 out of bounds for length 9> (0x00000000eefd31c0) 
thrown [t:/workspace/open/src/hotspot/share/interpreter/interpreterRuntime.cpp, line 458]
Event: 0.569 Thread 0x000002269450e000 Exception <a 'java/lang/ArrayIndexOutOfBoundsException'{0x00000000eefd3788}: Index 9 out of bounds for length 9> (0x00000000eefd3788) 
thrown [t:/workspace/open/src/hotspot/share/interpreter/interpreterRuntime.cpp, line 458]
Event: 0.577 Thread 0x000002269450e000 Exception <a 'java/lang/ArrayIndexOutOfBoundsException'{0x00000000eefe4588}: Index 7 out of bounds for length 7> (0x00000000eefe4588) 
thrown [t:/workspace/open/src/hotspot/share/interpreter/interpreterRuntime.cpp, line 458]
Event: 0.577 Thread 0x000002269450e000 Exception <a 'java/lang/ArrayIndexOutOfBoundsException'{0x00000000eefe4b50}: Index 7 out of bounds for length 7> (0x00000000eefe4b50) 
thrown [t:/workspace/open/src/hotspot/share/interpreter/interpreterRuntime.cpp, line 458]
Event: 0.577 Thread 0x000002269450e000 Exception <a 'java/lang/ArrayIndexOutOfBoundsException'{0x00000000eefe5118}: Index 7 out of bounds for length 7> (0x00000000eefe5118) 
thrown [t:/workspace/open/src/hotspot/share/interpreter/interpreterRuntime.cpp, line 458]
Event: 0.792 Thread 0x000002269450e000 Exception <a 'java/lang/NoSuchMethodError'{0x00000000edd937c8}: static Lorg/gradle/api/internal/tasks/testing/testng/TestNGTestFramework$TestClassProcessorFactoryImpl;.<clinit>()V> (0x00000000edd937c8) 
thrown [t:/workspace/open/src/hotspot/share/prims/jni.cpp, line 1347]
Event: 0.839 Thread 0x000002269450e000 Exception <a 'java/lang/NoSuchMethodError'{0x00000000eda35858}: 'java.lang.Object java.lang.invoke.DirectMethodHandle$Holder.invokeVirtual(java.lang.Object, java.lang.Object, java.lang.Object, java.lang.Object, java.lang.Object)'> (0x00000000eda35858) 
thrown [t:/workspace/open/src/hotspot/share/interpreter/linkResolver.cpp, line 767]
Event: 0.865 Thread 0x000002269450e000 Exception <a 'java/lang/NoSuchMethodError'{0x00000000ed84e5a8}: 'java.lang.Object java.lang.invoke.DirectMethodHandle$Holder.invokeStaticInit(java.lang.Object, int, int, int, int)'> (0x00000000ed84e5a8) 
thrown [t:/workspace/open/src/hotspot/share/interpreter/linkResolver.cpp, line 767]
Event: 0.988 Thread 0x000002269450e000 Exception <a 'java/lang/NoSuchMethodError'{0x00000000ed731498}: 'java.lang.Object java.lang.invoke.DirectMethodHandle$Holder.invokeStaticInit(java.lang.Object, java.lang.Object, int, int, int, int)'> (0x00000000ed731498) 
thrown [t:/workspace/open/src/hotspot/share/interpreter/linkResolver.cpp, line 767]
Event: 0.993 Thread 0x000002269450e000 Exception <a 'java/lang/NoSuchMethodError'{0x00000000ed746738}: 'java.lang.Object java.lang.invoke.Invokers$Holder.linkToTargetMethod(java.lang.Object, int, java.lang.Object)'> (0x00000000ed746738) 
thrown [t:/workspace/open/src/hotspot/share/interpreter/linkResolver.cpp, line 767]

Events (20 events):
Event: 1.509 Executing VM operation: RevokeBias
Event: 1.509 Executing VM operation: RevokeBias done
Event: 1.511 loading class org/testng/xml/XmlSuite$FailurePolicy
Event: 1.511 loading class org/testng/xml/XmlSuite$FailurePolicy done
Event: 1.515 loading class org/testng/collections/Sets
Event: 1.515 loading class org/testng/collections/Sets done
Event: 1.515 Executing VM operation: CollectForMetadataAllocation
Event: 1.515 Executing VM operation: CollectForMetadataAllocation done
Event: 1.517 loading class org/testng/internal/ExitCodeListener
Event: 1.517 loading class org/testng/internal/ExitCodeListener done
Event: 1.520 loading class org/aspectj/util/PartialOrder$SortObject
Event: 1.520 loading class org/aspectj/util/PartialOrder$SortObject done
Event: 1.522 loading class org/testng/IReporter
Event: 1.522 loading class org/testng/IReporter done
Event: 1.523 loading class org/testng/internal/ExitCode
Event: 1.523 loading class org/testng/internal/ExitCode done
Event: 1.525 loading class java/util/BitSet
Event: 1.526 loading class java/util/BitSet done
Event: 1.526 loading class org/testng/internal/annotations/DefaultAnnotationTransformer
Event: 1.526 loading class org/testng/internal/annotations/DefaultAnnotationTransformer done


Dynamic libraries:
0x00007ff660ea0000 - 0x00007ff660eaf000 	C:\Program Files\Java\jdk-13.0.1\bin\java.exe
0x00007ff9281c0000 - 0x00007ff9283b0000 	C:\Windows\SYSTEM32\ntdll.dll
0x00007ff926de0000 - 0x00007ff926e92000 	C:\Windows\System32\KERNEL32.DLL
0x00007ff925190000 - 0x00007ff925434000 	C:\Windows\System32\KERNELBASE.dll
0x00007ff9254f0000 - 0x00007ff9255ea000 	C:\Windows\System32\ucrtbase.dll
0x00007ff90b820000 - 0x00007ff90b835000 	C:\Program Files\Java\jdk-13.0.1\bin\VCRUNTIME140.dll
0x00007ff921140000 - 0x00007ff921158000 	C:\Program Files\Java\jdk-13.0.1\bin\jli.dll
0x00007ff927560000 - 0x00007ff927603000 	C:\Windows\System32\ADVAPI32.dll
0x00007ff9276a0000 - 0x00007ff92773e000 	C:\Windows\System32\msvcrt.dll
0x00007ff927380000 - 0x00007ff927417000 	C:\Windows\System32\sechost.dll
0x00007ff926ae0000 - 0x00007ff926c00000 	C:\Windows\System32\RPCRT4.dll
0x00007ff926c00000 - 0x00007ff926d95000 	C:\Windows\System32\USER32.dll
0x00007ff914860000 - 0x00007ff914ae4000 	C:\Windows\WinSxS\amd64_microsoft.windows.common-controls_6595b64144ccf1df_6.0.18362.1016_none_9e7a36bbe461dae4\COMCTL32.dll
0x00007ff925440000 - 0x00007ff925461000 	C:\Windows\System32\win32u.dll
0x00007ff926f70000 - 0x00007ff9272a5000 	C:\Windows\System32\combase.dll
0x00007ff926320000 - 0x00007ff926346000 	C:\Windows\System32\GDI32.dll
0x00007ff925470000 - 0x00007ff9254f0000 	C:\Windows\System32\bcryptPrimitives.dll
0x00007ff925620000 - 0x00007ff9257b6000 	C:\Windows\System32\gdi32full.dll
0x00007ff9257c0000 - 0x00007ff92585e000 	C:\Windows\System32\msvcp_win.dll
0x00007ff920890000 - 0x00007ff92089a000 	C:\Windows\SYSTEM32\VERSION.dll
0x00007ff927610000 - 0x00007ff92763e000 	C:\Windows\System32\IMM32.DLL
0x00007ff90aca0000 - 0x00007ff90ad3b000 	C:\Program Files\Java\jdk-13.0.1\bin\msvcp140.dll
0x00007ff8f0400000 - 0x00007ff8f0f66000 	C:\Program Files\Java\jdk-13.0.1\bin\server\jvm.dll
0x00007ff926f00000 - 0x00007ff926f08000 	C:\Windows\System32\PSAPI.DLL
0x00007ff9222d0000 - 0x00007ff9222f4000 	C:\Windows\SYSTEM32\WINMM.dll
0x00007ff917650000 - 0x00007ff917659000 	C:\Windows\SYSTEM32\WSOCK32.dll
0x00007ff9274f0000 - 0x00007ff92755f000 	C:\Windows\System32\WS2_32.dll
0x00007ff9222a0000 - 0x00007ff9222cd000 	C:\Windows\SYSTEM32\WINMMBASE.dll
0x00007ff925140000 - 0x00007ff92518a000 	C:\Windows\System32\cfgmgr32.dll
0x00007ff925080000 - 0x00007ff925091000 	C:\Windows\System32\kernel.appcore.dll
0x00007ff922c50000 - 0x00007ff922c60000 	C:\Program Files\Java\jdk-13.0.1\bin\verify.dll
0x00007ff914cf0000 - 0x00007ff914ee4000 	C:\Windows\SYSTEM32\DBGHELP.DLL
0x00007ff917090000 - 0x00007ff9170ba000 	C:\Windows\SYSTEM32\dbgcore.DLL
0x00007ff90b4a0000 - 0x00007ff90b4c6000 	C:\Program Files\Java\jdk-13.0.1\bin\java.dll
0x00007ff918e20000 - 0x00007ff918e2e000 	C:\Program Files\Java\jdk-13.0.1\bin\instrument.dll
0x00007ff90b800000 - 0x00007ff90b817000 	C:\Program Files\Java\jdk-13.0.1\bin\zip.dll
0x00007ff918c60000 - 0x00007ff918c6a000 	C:\Program Files\Java\jdk-13.0.1\bin\jimage.dll
0x00007ff9277c0000 - 0x00007ff927ea7000 	C:\Windows\System32\SHELL32.dll
0x00007ff926270000 - 0x00007ff926319000 	C:\Windows\System32\shcore.dll
0x00007ff925930000 - 0x00007ff9260b2000 	C:\Windows\System32\windows.storage.dll
0x00007ff9250a0000 - 0x00007ff9250c3000 	C:\Windows\System32\profapi.dll
0x00007ff9250d0000 - 0x00007ff92511a000 	C:\Windows\System32\powrprof.dll
0x00007ff925070000 - 0x00007ff925080000 	C:\Windows\System32\UMPDC.dll
0x00007ff926ea0000 - 0x00007ff926ef2000 	C:\Windows\System32\shlwapi.dll
0x00007ff925860000 - 0x00007ff925877000 	C:\Windows\System32\cryptsp.dll
0x00007ff90b550000 - 0x00007ff90b569000 	C:\Program Files\Java\jdk-13.0.1\bin\net.dll
0x00007ff918e70000 - 0x00007ff918f60000 	C:\Windows\SYSTEM32\WINHTTP.dll
0x00007ff9248d0000 - 0x00007ff924937000 	C:\Windows\system32\mswsock.dll
0x00007ff90ae50000 - 0x00007ff90ae63000 	C:\Program Files\Java\jdk-13.0.1\bin\nio.dll
0x00007ff9245e0000 - 0x00007ff92461a000 	C:\Windows\SYSTEM32\IPHLPAPI.DLL
0x00007ff926da0000 - 0x00007ff926da8000 	C:\Windows\System32\NSI.dll
0x00007ff91c380000 - 0x00007ff91c396000 	C:\Windows\SYSTEM32\dhcpcsvc6.DLL
0x00007ff91c450000 - 0x00007ff91c46c000 	C:\Windows\SYSTEM32\dhcpcsvc.DLL
0x00007ff924620000 - 0x00007ff9246eb000 	C:\Windows\SYSTEM32\DNSAPI.dll
0x00007ff924440000 - 0x00007ff924473000 	C:\Windows\system32\rsaenh.dll
0x00007ff9255f0000 - 0x00007ff925616000 	C:\Windows\System32\bcrypt.dll
0x00007ff924f60000 - 0x00007ff924f85000 	C:\Windows\SYSTEM32\USERENV.dll
0x00007ff924aa0000 - 0x00007ff924aac000 	C:\Windows\SYSTEM32\CRYPTBASE.dll

dbghelp: loaded successfully - version: 4.0.5 - missing functions: none
symbol engine: initialized successfully - sym options: 0x614 - pdb path: .;C:\Program Files\Java\jdk-13.0.1\bin;C:\Windows\SYSTEM32;C:\Windows\WinSxS\amd64_microsoft.windows.common-controls_6595b64144ccf1df_6.0.18362.1016_none_9e7a36bbe461dae4;C:\Program Files\Java\jdk-13.0.1\bin\server

VM Arguments:
jvm_args: -Dallure.report.directory=build/allure-report -Dallure.results.directory=C:\Users\User\IdeaProjects\Redesing\build\allure-results -Dorg.gradle.native=false -javaagent:C:\Users\User\.gradle\caches\modules-2\files-2.1\org.aspectj\aspectjweaver\1.8.10\e198c5fee28988c355f74e06461614eae36b2032\aspectjweaver-1.8.10.jar -Xmx512m -Dfile.encoding=windows-1251 -Duser.country=RU -Duser.language=ru -Duser.variant -ea 
java_command: worker.org.gradle.process.internal.worker.GradleWorkerMain 'Gradle Test Executor 3'
java_class_path (initial): C:\\Users\\User\\.gradle\\caches\\5.2.1\\workerMain\\gradle-worker.jar;C:\\Users\\User\\IdeaProjects\\Redesing\\build\\classes\\java\\test;C:\\Users\\User\\IdeaProjects\\Redesing\\build\\resources\\test;C:\\Users\\User\\IdeaProjects\\Redesing\\build\\classes\\java\\main;C:\\Users\\User\\IdeaProjects\\Redesing\\build\\resources\\main;C:\\Users\\User\\.gradle\\caches\\modules-2\\files-2.1\\io.rest-assured\\spring-mock-mvc\\4.0.0\\b621367b9d8878b95ce85a71fcb53f426798d234\\spring-mock-mvc-4.0.0.jar;C:\\Users\\User\\.gradle\\caches\\modules-2\\files-2.1\\io.rest-assured\\spring-web-test-client\\4.0.0\\89483a6f4db602fbbf1c63b06b51754a076997b7\\spring-web-test-client-4.0.0.jar;C:\\Users\\User\\.gradle\\caches\\modules-2\\files-2.1\\io.rest-assured\\scala-support\\4.0.0\\c061664e1d3463de3929df97f4002c2177169b9c\\scala-support-4.0.0.jar;C:\\Users\\User\\.gradle\\caches\\modules-2\\files-2.1\\io.rest-assured\\spring-commons\\4.0.0\\f2c164d533e0e3566ab4b3e13d5e1bf270656bd3\\spring-commons-4.0.0.jar;C:\\Users\\User\\.gradle\\caches\\modules-2\\files-2.1\\io.rest-assured\\rest-assured\\4.0.0\\fbb329b901f5569fa09b4a35e50916b92f8630a2\\rest-assured-4.0.0.jar;C:\\Users\\User\\.gradle\\caches\\modules-2\\files-2.1\\io.rest-assured\\json-path\\4.0.0\\7e12d70fe9ae85288629943ad0e4603e1397229f\\json-path-4.0.0.jar;C:\\Users\\User\\.gradle\\caches\\modules-2\\files-2.1\\io.rest-assured\\xml-path\\4.0.0\\a72ba257e00c5110019e05536f9e1f471f3a6ead\\xml-path-4.0.0.jar;C:\\Users\\User\\.gradle\\caches\\modules-2\\files-2.1\\io.rest-assured\\json-schema-validator\\4.0.0\\3a0879d2f5d47323fb5a9103e38b9171b422172a\\json-schema-validator-4.0.0.jar;C:\\Users\\User\\.gradle\\caches\\modules-2\\files-2.1\\com.slickqa\\testng\\7.0.0-7\\d1f1d233bcd1931ea7e9a0d80b9a076effdaa431\\testng-7.0.0-7.jar;C:\\Users\\User\\.gradle\\caches\\modules-2\\files-2.1\\org.json\\json\\20090211\\c183aa3a2a6250293808bba12262c8920ce5a51c\\json-20090211.jar;C:\\Users\\User\\.gradle\\caches\\modul
Launcher Type: SUN_STANDARD

[Global flags]
     intx CICompilerCount                          = 4                                         {product} {ergonomic}
     uint ConcGCThreads                            = 2                                         {product} {ergonomic}
     uint G1ConcRefinementThreads                  = 8                                         {product} {ergonomic}
   size_t G1HeapRegionSize                         = 1048576                                   {product} {ergonomic}
    uintx GCDrainStackTargetSize                   = 64                                        {product} {ergonomic}
   size_t InitialHeapSize                          = 268435456                                 {product} {ergonomic}
   size_t MarkStackSize                            = 4194304                                   {product} {ergonomic}
   size_t MaxHeapSize                              = 536870912                                 {product} {command line}
   size_t MaxNewSize                               = 321912832                                 {product} {ergonomic}
   size_t MinHeapDeltaBytes                        = 1048576                                   {product} {ergonomic}
   size_t MinHeapSize                              = 8388608                                   {product} {ergonomic}
    uintx NonNMethodCodeHeapSize                   = 5836300                                {pd product} {ergonomic}
    uintx NonProfiledCodeHeapSize                  = 122910970                              {pd product} {ergonomic}
    uintx ProfiledCodeHeapSize                     = 122910970                              {pd product} {ergonomic}
    uintx ReservedCodeCacheSize                    = 251658240                              {pd product} {ergonomic}
     bool SegmentedCodeCache                       = true                                      {product} {ergonomic}
   size_t SoftMaxHeapSize                          = 536870912                              {manageable} {ergonomic}
     bool UseCompressedClassPointers               = true                                 {lp64_product} {ergonomic}
     bool UseCompressedOops                        = true                                 {lp64_product} {ergonomic}
     bool UseG1GC                                  = true                                      {product} {ergonomic}
     bool UseLargePagesIndividualAllocation        = false                                  {pd product} {ergonomic}

Logging:
Log output configuration:
 #0: stdout all=warning uptime,level,tags
 #1: stderr all=off uptime,level,tags

Environment Variables:
JAVA_HOME=C:\Program Files\Java\jdk-13.0.1
CLASSPATH=C:\Users\User\IdeaProjects\Redesing\\gradle\wrapper\gradle-wrapper.jar
PATH=C:\Windows\system32;C:\Windows;C:\Windows\System32\Wbem;C:\Windows\System32\WindowsPowerShell\v1.0\;C:\Windows\System32\OpenSSH\;C:\Program Files\Java\jdk-13.0.1\bin;C:\tools\allure-commandline-2.12.1\allure-2.12.1\bin;%JMETER_HOME%\bin;C:\Program Files\Git\cmd;C:\Program Files\PostgreSQL\12\bin;C:\Program Files\nodejs\;C:\Users\User\AppData\Local\Microsoft\WindowsApps;C:\Program Files\JetBrains\IntelliJ IDEA Community Edition 2019.2.3\bin;C:\Users\User\AppData\Local\GitHubDesktop\bin;C:\Program Files\Git\bin;;C:\Users\User\AppData\Local\Programs\Fiddler;C:\Users\User\AppData\Local\Programs\Microsoft VS Code\bin;C:\Users\User\AppData\Roaming\npm;C:\Program Files\JetBrains\WebStorm 2019.3.3\bin;
USERNAME=User
OS=Windows_NT
PROCESSOR_IDENTIFIER=Intel64 Family 6 Model 94 Stepping 3, GenuineIntel



---------------  S Y S T E M  ---------------

OS: Windows 10 , 64 bit Build 18362 (10.0.18362.959)

CPU:total 8 (initial active 8) (4 cores per cpu, 2 threads per core) family 6 model 94 stepping 3, cmov, cx8, fxsr, mmx, sse, sse2, sse3, ssse3, sse4.1, sse4.2, popcnt, avx, avx2, aes, clmul, erms, rtm, 3dnowpref, lzcnt, ht, tsc, tscinvbit, bmi1, bmi2, adx, fma

Memory: 4k page, system-wide physical 16266M (2620M free)
TotalPageFile size 31448M (AvailPageFile size 167M)
current process WorkingSet (physical memory assigned to process): 127M, peak: 127M
current process commit charge ("private bytes"): 378M, peak: 378M

vm_info: Java HotSpot(TM) 64-Bit Server VM (13.0.1+9) for windows-amd64 JRE (13.0.1+9), built on Oct  6 2019 12:37:49 by "mach5one" with unknown MS VC++:1916

END.
